<div class="story">
<h1></h1>
<div class="path">stories/Global_Nav/SearchBox.story</div>
<div class="narrative"><h2>Narrative:</h2>
<div class="element inOrderTo"><span class="keyword inOrderTo">In order to</span> check Functionality</div>
<div class="element asA"><span class="keyword asA">As a</span> n Tester</div>
<div class="element iWantTo"><span class="keyword iWantTo">I want to</span> verify Global Nav application
eta:@skip</div>
</div>
<div class="scenario">
<h2>Scenario: Test case -Search Box</h2>
<div class="step failed">Given User on home page <span class="keyword failed">(FAILED)</span><br/><span class="message failed">net.thucydides.core.webdriver.UnsupportedDriverException: Could not instantiate class org.openqa.selenium.firefox.FirefoxDriver</span></div>
<div class="step notPerformed">When User click inside the search box must show the cursor <span class="keyword notPerformed">(NOT PERFORMED)</span></div>
<div class="step notPerformed">Then User checks Without entering any text in the search box hit return key Search field must flash in red and disappear <span class="keyword notPerformed">(NOT PERFORMED)</span></div>
<div class="step notPerformed">Then User text is type 'jav' in the search box options must be displayed to choose <span class="keyword notPerformed">(NOT PERFORMED)</span></div>
<div class="step notPerformed">Then User Click on the 'java me' options should navigate to 'Oracle.com Search' page <span class="keyword notPerformed">(NOT PERFORMED)</span></div>
<pre class="failure">net.thucydides.core.webdriver.UnsupportedDriverException: Could not instantiate class org.openqa.selenium.firefox.FirefoxDriver
	at net.thucydides.core.webdriver.WebDriverFacade.newDriverInstance(WebDriverFacade.java:148)
	at net.thucydides.core.webdriver.WebDriverFacade.newProxyDriver(WebDriverFacade.java:135)
	at net.thucydides.core.webdriver.WebDriverFacade.getProxiedDriver(WebDriverFacade.java:105)
	at net.thucydides.core.webdriver.WebDriverFacade.manage(WebDriverFacade.java:379)
	at com.bdd.sample.pages.DictionaryPage.home_page(DictionaryPage.java:55)
	at com.bdd.sample.steps.serenity.EndUserSteps.is_the_home_page(EndUserSteps.java:20)
	at com.bdd.sample.steps.serenity.EndUserSteps$$EnhancerByCGLIB$$8e1b28ee.CGLIB$is_the_home_page$3(&lt;generated&gt;)
	at com.bdd.sample.steps.serenity.EndUserSteps$$EnhancerByCGLIB$$8e1b28ee$$FastClassByCGLIB$$2b329332.invoke(&lt;generated&gt;)
	at net.sf.cglib.proxy.MethodProxy.invokeSuper(MethodProxy.java:228)
	at net.thucydides.core.steps.StepInterceptor.invokeMethod(StepInterceptor.java:372)
	at net.thucydides.core.steps.StepInterceptor.executeTestStepMethod(StepInterceptor.java:357)
	at net.thucydides.core.steps.StepInterceptor.runTestStep(StepInterceptor.java:332)
	at net.thucydides.core.steps.StepInterceptor.testStepResult(StepInterceptor.java:134)
	at net.thucydides.core.steps.StepInterceptor.intercept(StepInterceptor.java:61)
	at com.bdd.sample.steps.serenity.EndUserSteps$$EnhancerByCGLIB$$8e1b28ee.is_the_home_page(&lt;generated&gt;)
	at com.bdd.sample.steps2.DefinitionSteps.Useronhomepage(DefinitionSteps.java:26)
	(reflection-invoke)
	at org.jbehave.core.steps.StepCreator$ParametrisedStep.perform(StepCreator.java:733)
	at org.jbehave.core.embedder.PerformableTree$FineSoFar.run(PerformableTree.java:346)
...</pre>
</div>
</div>
