<story path="stories/consult_dictionary/c.story" title="">
<narrative keyword="Narrative:">
  <inOrderTo keyword="In order to">check Functionality</inOrderTo>
  <asA keyword="As a">n Tester</asA>
  <iWantTo keyword="I want to">verify Global Nav application
eta:@skip</iWantTo>
</narrative>
<scenario keyword="Scenario:" title="Test case -Search Box">
<step outcome="successful">Given User on home page</step>
<step outcome="failed" keyword="FAILED">When User click inside the search box must show the cursor<failure>net.serenitybdd.core.exceptions.SerenityManagedException: Timed out after 2 seconds. Element not found
For documentation on this error, please visit: http://seleniumhq.org/exceptions/no_such_element.html
Build info: version: &apos;2.53.1&apos;, revision: &apos;a36b8b1cd5757287168e54b817830adce9b0158d&apos;, time: &apos;2016-06-30 19:26:09&apos;
System info: host: &apos;ARPANNEE-IN&apos;, ip: &apos;192.168.43.79&apos;, os.name: &apos;Windows 10&apos;, os.arch: &apos;amd64&apos;, os.version: &apos;10.0&apos;, java.version: &apos;1.8.0_131&apos;
Driver info: driver.version: unknown</failure></step>
<step outcome="notPerformed" keyword="NOT PERFORMED">Then User checks Without entering any text in the search box hit return key Search field must flash in red and disappear</step>
<step outcome="notPerformed" keyword="NOT PERFORMED">Then User text is type &apos;java me&apos; in the search box options must be displayed to choose</step>
<step outcome="notPerformed" keyword="NOT PERFORMED">Then User Click on the &apos;java me&apos; options should navigate to &apos;Oracle.com Search&apos; page</step>
<failure>net.serenitybdd.core.exceptions.SerenityManagedException: Timed out after 2 seconds. Element not found
For documentation on this error, please visit: http://seleniumhq.org/exceptions/no_such_element.html
Build info: version: &apos;2.53.1&apos;, revision: &apos;a36b8b1cd5757287168e54b817830adce9b0158d&apos;, time: &apos;2016-06-30 19:26:09&apos;
System info: host: &apos;ARPANNEE-IN&apos;, ip: &apos;192.168.43.79&apos;, os.name: &apos;Windows 10&apos;, os.arch: &apos;amd64&apos;, os.version: &apos;10.0&apos;, java.version: &apos;1.8.0_131&apos;
Driver info: driver.version: unknown
	at net.serenitybdd.core.exceptions.SerenityManagedException.detachedCopyOf(SerenityManagedException.java:20)
	at net.thucydides.core.steps.StepInterceptor.runTestStep(StepInterceptor.java:338)
	at net.thucydides.core.steps.StepInterceptor.testStepResult(StepInterceptor.java:134)
	at net.thucydides.core.steps.StepInterceptor.intercept(StepInterceptor.java:61)
	at com.bdd.sample.steps.serenity.SearchBoxUserStep$$EnhancerByCGLIB$$8fd54981.click_on_inside_Textbox(&lt;generated&gt;)
	at com.bdd.sample.steps2.SearchBoxDefinitionSteps.Userclickinsidethesearchboxmustshowthecursor(SearchBoxDefinitionSteps.java:26)
	(reflection-invoke)
	at org.jbehave.core.steps.StepCreator$ParametrisedStep.perform(StepCreator.java:599)
	at org.jbehave.core.embedder.PerformableTree$FineSoFar.run(PerformableTree.java:340)
...</failure>
</scenario>
</story>
