<story path="stories/consult_dictionary/d.story" title="">
<narrative keyword="Narrative:">
  <inOrderTo keyword="In order to">check Functionality</inOrderTo>
  <asA keyword="As a">n Tester</asA>
  <iWantTo keyword="I want to">verify Global Nav application
eta:@skip</iWantTo>
</narrative>
<scenario keyword="Scenario:" title="Test case -Search Autosuggest">
<step outcome="successful">Given User on home page</step>
<step outcome="failed" keyword="FAILED">When User begins to type keyword &apos;ora&apos; in search box autosuggest must suggest options<failure>net.serenitybdd.core.exceptions.SerenityManagedException: Timed out after 2 seconds. Element not found
For documentation on this error, please visit: http://seleniumhq.org/exceptions/no_such_element.html
Build info: version: &apos;2.53.1&apos;, revision: &apos;a36b8b1cd5757287168e54b817830adce9b0158d&apos;, time: &apos;2016-06-30 19:26:09&apos;
System info: host: &apos;ARPANNEE-IN&apos;, ip: &apos;192.168.43.79&apos;, os.name: &apos;Windows 10&apos;, os.arch: &apos;amd64&apos;, os.version: &apos;10.0&apos;, java.version: &apos;1.8.0_131&apos;
Driver info: driver.version: unknown</failure></step>
<step outcome="notPerformed" keyword="NOT PERFORMED">Then User start entering keyword &apos;jav&apos; again and autosuggest must reappear</step>
<step outcome="notPerformed" keyword="NOT PERFORMED">Then User Enters keyword &apos;oracle&apos; and hit enter results must be displayed in &apos;Oracle.com Search&apos; page</step>
<step outcome="notPerformed" keyword="NOT PERFORMED">Then User Enters keyword &apos;jav&apos; and click search icon results must be displayed in &apos;Oracle.com Search&apos; page</step>
<step outcome="notPerformed" keyword="NOT PERFORMED">Then User Enters keyword &apos;oracle&apos; and once autosuggestion appears, click outside the search field and verify that the autosuggest retracts</step>
<failure>net.serenitybdd.core.exceptions.SerenityManagedException: Timed out after 2 seconds. Element not found
For documentation on this error, please visit: http://seleniumhq.org/exceptions/no_such_element.html
Build info: version: &apos;2.53.1&apos;, revision: &apos;a36b8b1cd5757287168e54b817830adce9b0158d&apos;, time: &apos;2016-06-30 19:26:09&apos;
System info: host: &apos;ARPANNEE-IN&apos;, ip: &apos;192.168.43.79&apos;, os.name: &apos;Windows 10&apos;, os.arch: &apos;amd64&apos;, os.version: &apos;10.0&apos;, java.version: &apos;1.8.0_131&apos;
Driver info: driver.version: unknown
	at net.serenitybdd.core.exceptions.SerenityManagedException.detachedCopyOf(SerenityManagedException.java:20)
	at net.thucydides.core.steps.StepInterceptor.runTestStep(StepInterceptor.java:338)
	at net.thucydides.core.steps.StepInterceptor.testStepResult(StepInterceptor.java:134)
	at net.thucydides.core.steps.StepInterceptor.intercept(StepInterceptor.java:61)
	at com.bdd.sample.steps.serenity.SearchAutosuggestSteps$$EnhancerByCGLIB$$e8961bfb.type_keyword(&lt;generated&gt;)
	at com.bdd.sample.steps2.SearchAutosuggestDefinition.whenUserBeginsToTypeAKeywordjavInSearchBoxAutosuggestMustSuggestOptions(SearchAutosuggestDefinition.java:20)
	(reflection-invoke)
	at org.jbehave.core.steps.StepCreator$ParametrisedStep.perform(StepCreator.java:599)
	at org.jbehave.core.embedder.PerformableTree$FineSoFar.run(PerformableTree.java:340)
...</failure>
</scenario>
</story>
