<div class="story">
<h1></h1>
<div class="path">stories/consult_dictionary/d.story</div>
<div class="narrative"><h2>Narrative:</h2>
<div class="element inOrderTo"><span class="keyword inOrderTo">In order to</span> check Functionality</div>
<div class="element asA"><span class="keyword asA">As a</span> n Tester</div>
<div class="element iWantTo"><span class="keyword iWantTo">I want to</span> verify Global Nav application
eta:@skip</div>
</div>
<div class="scenario">
<h2>Scenario: Test case -Search Autosuggest</h2>
<div class="step successful">Given User on home page</div>
<div class="step failed">When User begins to type keyword 'ora' in search box autosuggest must suggest options <span class="keyword failed">(FAILED)</span><br/><span class="message failed">net.serenitybdd.core.exceptions.SerenityManagedException: Timed out after 2 seconds. Element not found
For documentation on this error, please visit: http://seleniumhq.org/exceptions/no_such_element.html
Build info: version: '2.53.1', revision: 'a36b8b1cd5757287168e54b817830adce9b0158d', time: '2016-06-30 19:26:09'
System info: host: 'ARPANNEE-IN', ip: '192.168.43.79', os.name: 'Windows 10', os.arch: 'amd64', os.version: '10.0', java.version: '1.8.0_131'
Driver info: driver.version: unknown</span></div>
<div class="step notPerformed">Then User start entering keyword 'jav' again and autosuggest must reappear <span class="keyword notPerformed">(NOT PERFORMED)</span></div>
<div class="step notPerformed">Then User Enters keyword 'oracle' and hit enter results must be displayed in 'Oracle.com Search' page <span class="keyword notPerformed">(NOT PERFORMED)</span></div>
<div class="step notPerformed">Then User Enters keyword 'jav' and click search icon results must be displayed in 'Oracle.com Search' page <span class="keyword notPerformed">(NOT PERFORMED)</span></div>
<div class="step notPerformed">Then User Enters keyword 'oracle' and once autosuggestion appears, click outside the search field and verify that the autosuggest retracts <span class="keyword notPerformed">(NOT PERFORMED)</span></div>
<pre class="failure">net.serenitybdd.core.exceptions.SerenityManagedException: Timed out after 2 seconds. Element not found
For documentation on this error, please visit: http://seleniumhq.org/exceptions/no_such_element.html
Build info: version: '2.53.1', revision: 'a36b8b1cd5757287168e54b817830adce9b0158d', time: '2016-06-30 19:26:09'
System info: host: 'ARPANNEE-IN', ip: '192.168.43.79', os.name: 'Windows 10', os.arch: 'amd64', os.version: '10.0', java.version: '1.8.0_131'
Driver info: driver.version: unknown
	at net.serenitybdd.core.exceptions.SerenityManagedException.detachedCopyOf(SerenityManagedException.java:20)
	at net.thucydides.core.steps.StepInterceptor.runTestStep(StepInterceptor.java:338)
	at net.thucydides.core.steps.StepInterceptor.testStepResult(StepInterceptor.java:134)
	at net.thucydides.core.steps.StepInterceptor.intercept(StepInterceptor.java:61)
	at com.bdd.sample.steps.serenity.SearchAutosuggestSteps$$EnhancerByCGLIB$$e8961bfb.type_keyword(&lt;generated&gt;)
	at com.bdd.sample.steps2.SearchAutosuggestDefinition.whenUserBeginsToTypeAKeywordjavInSearchBoxAutosuggestMustSuggestOptions(SearchAutosuggestDefinition.java:20)
	(reflection-invoke)
	at org.jbehave.core.steps.StepCreator$ParametrisedStep.perform(StepCreator.java:599)
	at org.jbehave.core.embedder.PerformableTree$FineSoFar.run(PerformableTree.java:340)
...</pre>
</div>
</div>
