<html>
<head>
<title>stories.Global_Nav.NotSignedIn</title>
<style type="text/css" media="all">
@import url( "./style/jbehave-core.css" );
</style>
</head>
<body>
 
<script type="syntaxhighlighter" class="brush: xml"><![CDATA[
<story path="stories/Global_Nav/NotSignedIn.story" title="">
<narrative keyword="Narrative:">
  <inOrderTo keyword="In order to">check Functionality</inOrderTo>
  <asA keyword="As a">n Tester</asA>
  <iWantTo keyword="I want to">verify Global Nav application
eta:@skip</iWantTo>
</narrative>
<scenario keyword="Scenario:" title="Test case -Not Signed-In">
<step outcome="failed" keyword="FAILED">Given User on home page<failure>net.thucydides.core.webdriver.UnsupportedDriverException: Could not instantiate class org.openqa.selenium.firefox.FirefoxDriver</failure></step>
<step outcome="notPerformed" keyword="NOT PERFORMED">When User Not signed In</step>
<step outcome="notPerformed" keyword="NOT PERFORMED">Then User see the text &apos;Sign In&apos; must be displayed</step>
<step outcome="notPerformed" keyword="NOT PERFORMED">When User Hover over &apos;Sign In&apos;</step>
<step outcome="notPerformed" keyword="NOT PERFORMED">Then User see the panel must slide down showing two account options &apos;Oracle Account&apos; and &apos;Cloud Account&apos;</step>
<step outcome="notPerformed" keyword="NOT PERFORMED">Then User verify Oracle Account must have options:
<parameter><parameters>
<names><name>option</name></names>
<values><value>Sign in</value></values>
<values><value>Create an account</value></values>
<values><value>Help</value></values>
</parameters>
</parameter></step>
<step outcome="notPerformed" keyword="NOT PERFORMED">Then User verify Cloud Account must have only option:
<parameter><parameters>
<names><name>option</name></names>
<values><value>Sign In</value></values>
<values><value>Free Cloud Platform Trial</value></values>
</parameters>
</parameter></step>
<step outcome="notPerformed" keyword="NOT PERFORMED">Then User Click on Cloud Account each links:
<parameter><parameters>
<names><name>Option</name><name>Link</name><name>appropriate page</name></names>
<values><value>Sign In</value><value>Sign In</value><value>Oracle Cloud</value></values>
<values><value>Sign In</value><value>Free Cloud Platform Trial</value><value>Oracle Cloud</value></values>
</parameters>
</parameter></step>
<step outcome="notPerformed" keyword="NOT PERFORMED">Then User Click on Oracle Account each links:
<parameter><parameters>
<names><name>Option</name><name>Link</name><name>appropriate page</name></names>
<values><value>Sign In</value><value>Help</value><value>About Your Oracle Account</value></values>
<values><value>Sign In</value><value>Create an account</value><value>Create Account</value></values>
<values><value>Sign In</value><value>Sign in</value><value>Single Sign On - Login</value></values>
</parameters>
</parameter></step>
<failure>net.thucydides.core.webdriver.UnsupportedDriverException: Could not instantiate class org.openqa.selenium.firefox.FirefoxDriver
	at net.thucydides.core.webdriver.WebDriverFacade.newDriverInstance(WebDriverFacade.java:148)
	at net.thucydides.core.webdriver.WebDriverFacade.newProxyDriver(WebDriverFacade.java:135)
	at net.thucydides.core.webdriver.WebDriverFacade.getProxiedDriver(WebDriverFacade.java:105)
	at net.thucydides.core.webdriver.WebDriverFacade.manage(WebDriverFacade.java:379)
	at com.bdd.sample.pages.DictionaryPage.home_page(DictionaryPage.java:55)
	at com.bdd.sample.steps.serenity.EndUserSteps.is_the_home_page(EndUserSteps.java:20)
	at com.bdd.sample.steps.serenity.EndUserSteps$$EnhancerByCGLIB$$8e1b28ee.CGLIB$is_the_home_page$3(&lt;generated&gt;)
	at com.bdd.sample.steps.serenity.EndUserSteps$$EnhancerByCGLIB$$8e1b28ee$$FastClassByCGLIB$$2b329332.invoke(&lt;generated&gt;)
	at net.sf.cglib.proxy.MethodProxy.invokeSuper(MethodProxy.java:228)
	at net.thucydides.core.steps.StepInterceptor.invokeMethod(StepInterceptor.java:372)
	at net.thucydides.core.steps.StepInterceptor.executeTestStepMethod(StepInterceptor.java:357)
	at net.thucydides.core.steps.StepInterceptor.runTestStep(StepInterceptor.java:332)
	at net.thucydides.core.steps.StepInterceptor.testStepResult(StepInterceptor.java:134)
	at net.thucydides.core.steps.StepInterceptor.intercept(StepInterceptor.java:61)
	at com.bdd.sample.steps.serenity.EndUserSteps$$EnhancerByCGLIB$$8e1b28ee.is_the_home_page(&lt;generated&gt;)
	at com.bdd.sample.steps2.DefinitionSteps.Useronhomepage(DefinitionSteps.java:26)
	(reflection-invoke)
	at org.jbehave.core.steps.StepCreator$ParametrisedStep.perform(StepCreator.java:733)
	at org.jbehave.core.embedder.PerformableTree$FineSoFar.run(PerformableTree.java:346)
...</failure>
</scenario>
</story>
 information)
Command duration or timeout: 10 milliseconds
Build info: version: &apos;2.53.1&apos;, revision: &apos;a36b8b1cd5757287168e54b817830adce9b0158d&apos;, time: &apos;2016-06-30 19:26:09&apos;
System info: host: &apos;RABHINAN-LAP&apos;, ip: &apos;10.178.30.255&apos;, os.name: &apos;Windows 7&apos;, os.arch: &apos;amd64&apos;, os.version: &apos;6.1&apos;, java.version: &apos;1.8.0_131&apos;
Driver info: org.openqa.selenium.remote.RemoteWebDriver
Capabilities [{applicationCacheEnabled=false, rotatable=false, mobileEmulationEnabled=false, networkConnectionEnabled=false, chrome={chromedriverVersion=2.35.528161 (5b82f2d2aae0ca24b877009200ced9065a772e73), userDataDir=C:\Users\rabhinan\AppData\Local\Temp\scoped_dir12712_18103}, takesHeapSnapshot=true, pageLoadStrategy=normal, databaseEnabled=false, handlesAlerts=true, hasTouchScreen=false, version=68.0.3440.106, platform=XP, browserConnectionEnabled=false, nativeEvents=true, acceptSslCerts=false, acceptInsecureCerts=false, locationContextEnabled=true, webStorageEnabled=true, browserName=chrome, takesScreenshot=true, javascriptEnabled=true, cssSelectorsEnabled=true, setWindowRect=true, unexpectedAlertBehaviour=}]
Session ID: 8b3b9e2cd4dd4f68f0aaf7d06589ac92
	at net.serenitybdd.core.exceptions.SerenityManagedException.detachedCopyOf(SerenityManagedException.java:20)
	at net.thucydides.core.steps.StepInterceptor.runTestStep(StepInterceptor.java:341)
	at net.thucydides.core.steps.StepInterceptor.testStepResult(StepInterceptor.java:134)
	at net.thucydides.core.steps.StepInterceptor.intercept(StepInterceptor.java:61)
	at com.bdd.sample.steps.serenity.EndUserSteps$$EnhancerByCGLIB$$a07d08bb.is_the_home_page(&lt;generated&gt;)
	at com.bdd.sample.steps2.DefinitionSteps.Useronhomepage(DefinitionSteps.java:26)
	(reflection-invoke)
	at org.jbehave.core.steps.StepCreator$ParametrisedStep.perform(StepCreator.java:733)
	at org.jbehave.core.embedder.PerformableTree$FineSoFar.run(PerformableTree.java:346)
...</failure>
</scenario>
</story>

]]></script>
</body>
<!--  SyntaxHighlighter resources:  should be included at end of body -->
<link rel="stylesheet" type="text/css" href="./style/sh-3.0.83/shCore.css"/>
<link rel="stylesheet" type="text/css" href="./style/sh-3.0.83/shThemeRDark.css"/>
<script language="javascript" src="./js/sh-3.0.83/shCore.js"></script>
<script language="javascript" src="./js/sh-3.0.83/shBrushBash.js"></script>
<script language="javascript" src="./js/sh-3.0.83/shBrushCss.js"></script>
<script language="javascript" src="./js/sh-3.0.83/shBrushDiff.js"></script>
<script language="javascript" src="./js/sh-3.0.83/shBrushGroovy.js"></script>
<script language="javascript" src="./js/sh-3.0.83/shBrushJava.js"></script>
<script language="javascript" src="./js/sh-3.0.83/shBrushJScript.js"></script>
<script language="javascript" src="./js/sh-3.0.83/shBrushPlain.js"></script>
<script language="javascript" src="./js/sh-3.0.83/shBrushPython.js"></script>
<script language="javascript" src="./js/sh-3.0.83/shBrushRuby.js"></script>
<script language="javascript" src="./js/sh-3.0.83/shBrushScala.js"></script>
<script language="javascript" src="./js/sh-3.0.83/shBrushXml.js"></script>
<script language="javascript" src="./js/shBrushBdd.js"></script>
<script type="text/javascript">
    SyntaxHighlighter.defaults['gutter'] = false;
    SyntaxHighlighter.defaults['toolbar'] = false;    
    SyntaxHighlighter.all();
</script>
</html>
