<acceptance-test-run title="Test case -Search Box" name="Test case -Search Box" steps="5" successful="1" failures="0" errors="1" skipped="3" ignored="0" pending="0" annotated-result="ERROR" result="ERROR" duration="11627" timestamp="2017-07-15T00:11:19.868+05:30" session-id="fedf9d63ae08ac6401d65e48c2b6c462">
  <user-story id="c" name="C" path="stories/consult_dictionary/c.story"/>
  <tags>
    <tag name="Consult dictionary" type="feature"/>
    <tag name="Consult dictionary/C" type="story"/>
  </tags>
  <test-group name="Given User on home page" result="SUCCESS">
    <screenshots>
      <screenshot image="8ed1c3078e7649b47117adc83dc97569.png"/>
    </screenshots>
    <test-step result="SUCCESS" duration="8015">
      <screenshots>
        <screenshot image="8ed1c3078e7649b47117adc83dc97569.png"/>
      </screenshots>
      <description>Is the home page</description>
    </test-step>
  </test-group>
  <test-group name="When User click inside the search box must show the cursor" result="ERROR">
    <screenshots>
      <screenshot image="8ed1c3078e7649b47117adc83dc97569.png"/>
    </screenshots>
    <test-step result="ERROR" duration="2751">
      <screenshots>
        <screenshot image="8ed1c3078e7649b47117adc83dc97569.png" source="pagesource1213870614923274858.html.txt"/>
      </screenshots>
      <description>Click on inside  textbox</description>
      <error>org.openqa.selenium.NoSuchElementException: Timed out after 2 seconds. Element not found
For documentation on this error, please visit: http://seleniumhq.org/exceptions/no_such_element.html
Build info: version: &apos;2.53.1&apos;, revision: &apos;a36b8b1cd5757287168e54b817830adce9b0158d&apos;, time: &apos;2016-06-30 19:26:09&apos;
System info: host: &apos;ARPANNEE-IN&apos;, ip: &apos;192.168.43.79&apos;, os.name: &apos;Windows 10&apos;, os.arch: &apos;amd64&apos;, os.version: &apos;10.0&apos;, java.version: &apos;1.8.0_131&apos;
Driver info: driver.version: unknown</error>
      <exception>org.openqa.selenium.NoSuchElementException:Timed out after 2 seconds. Element not found
For documentation on this error, please visit: http://seleniumhq.org/exceptions/no_such_element.html
Build info: version: &apos;2.53.1&apos;, revision: &apos;a36b8b1cd5757287168e54b817830adce9b0158d&apos;, time: &apos;2016-06-30 19:26:09&apos;
System info: host: &apos;ARPANNEE-IN&apos;, ip: &apos;192.168.43.79&apos;, os.name: &apos;Windows 10&apos;, os.arch: &apos;amd64&apos;, os.version: &apos;10.0&apos;, java.version: &apos;1.8.0_131&apos;
Driver info: driver.version: unknown&#xd;
[com.bdd.sample.pages.SearchBoxPage.click_on_inside_textbox(SearchBoxPage.java:36), com.bdd.sample.steps.serenity.SearchBoxUserStep.click_on_inside_Textbox(SearchBoxUserStep.java:17), com.bdd.sample.steps2.SearchBoxDefinitionSteps.Userclickinsidethesearchboxmustshowthecursor(SearchBoxDefinitionSteps.java:26)]</exception>
    </test-step>
  </test-group>
  <test-step result="SKIPPED" duration="0">
    <description>Then User checks Without entering any text in the search box hit return key Search field must flash in red and disappear</description>
  </test-step>
  <test-step result="SKIPPED" duration="0">
    <description>Then User text is type &apos;java me&apos; in the search box options must be displayed to choose</description>
  </test-step>
  <test-step result="SKIPPED" duration="0">
    <description>Then User Click on the &apos;java me&apos; options should navigate to &apos;Oracle.com Search&apos; page</description>
  </test-step>
</acceptance-test-run>