{"name":"Test case -Search Box","testSteps":[{"number":1,"description":"Given User on home page","duration":8456,"startTime":1500057679868,"screenshots":[{"screenshot":"8ed1c3078e7649b47117adc83dc97569.png"}],"result":"SUCCESS","children":[{"number":2,"description":"Is the home page","duration":8015,"startTime":1500057679871,"screenshots":[{"screenshot":"8ed1c3078e7649b47117adc83dc97569.png"}],"result":"SUCCESS"}]},{"number":3,"description":"When User click inside the search box must show the cursor","duration":3162,"startTime":1500057688325,"screenshots":[{"screenshot":"8ed1c3078e7649b47117adc83dc97569.png"}],"exception":{"errorType":"org.openqa.selenium.NoSuchElementException","message":"Timed out after 2 seconds. Element not found\nFor documentation on this error, please visit: http://seleniumhq.org/exceptions/no_such_element.html\nBuild info: version: \u00272.53.1\u0027, revision: \u0027a36b8b1cd5757287168e54b817830adce9b0158d\u0027, time: \u00272016-06-30 19:26:09\u0027\nSystem info: host: \u0027ARPANNEE-IN\u0027, ip: \u0027192.168.43.79\u0027, os.name: \u0027Windows 10\u0027, os.arch: \u0027amd64\u0027, os.version: \u002710.0\u0027, java.version: \u00271.8.0_131\u0027\nDriver info: driver.version: unknown","stackTrace":[{"declaringClass":"com.bdd.sample.pages.SearchBoxPage","methodName":"click_on_inside_textbox","fileName":"SearchBoxPage.java","lineNumber":36},{"declaringClass":"com.bdd.sample.steps.serenity.SearchBoxUserStep","methodName":"click_on_inside_Textbox","fileName":"SearchBoxUserStep.java","lineNumber":17},{"declaringClass":"com.bdd.sample.steps2.SearchBoxDefinitionSteps","methodName":"Userclickinsidethesearchboxmustshowthecursor","fileName":"SearchBoxDefinitionSteps.java","lineNumber":26}],"COLLAPSE_NEW_LINE_HINTS":["AssertionError","Expected","Expecting","ComparisonFailure"]},"result":"ERROR","children":[{"number":4,"description":"Click on inside  textbox","duration":2751,"startTime":1500057688733,"screenshots":[{"screenshot":"8ed1c3078e7649b47117adc83dc97569.png","htmlSource":"pagesource1213870614923274858.html.txt"}],"exception":{"errorType":"org.openqa.selenium.NoSuchElementException","message":"Timed out after 2 seconds. Element not found\nFor documentation on this error, please visit: http://seleniumhq.org/exceptions/no_such_element.html\nBuild info: version: \u00272.53.1\u0027, revision: \u0027a36b8b1cd5757287168e54b817830adce9b0158d\u0027, time: \u00272016-06-30 19:26:09\u0027\nSystem info: host: \u0027ARPANNEE-IN\u0027, ip: \u0027192.168.43.79\u0027, os.name: \u0027Windows 10\u0027, os.arch: \u0027amd64\u0027, os.version: \u002710.0\u0027, java.version: \u00271.8.0_131\u0027\nDriver info: driver.version: unknown","stackTrace":[{"declaringClass":"com.bdd.sample.pages.SearchBoxPage","methodName":"click_on_inside_textbox","fileName":"SearchBoxPage.java","lineNumber":36},{"declaringClass":"com.bdd.sample.steps.serenity.SearchBoxUserStep","methodName":"click_on_inside_Textbox","fileName":"SearchBoxUserStep.java","lineNumber":17},{"declaringClass":"com.bdd.sample.steps2.SearchBoxDefinitionSteps","methodName":"Userclickinsidethesearchboxmustshowthecursor","fileName":"SearchBoxDefinitionSteps.java","lineNumber":26}],"COLLAPSE_NEW_LINE_HINTS":["AssertionError","Expected","Expecting","ComparisonFailure"]},"result":"ERROR"}]},{"number":5,"description":"Then User checks Without entering any text in the search box hit return key Search field must flash in red and disappear","duration":0,"startTime":1500057691488,"result":"SKIPPED"},{"number":6,"description":"Then User text is type \u0027java me\u0027 in the search box options must be displayed to choose","duration":0,"startTime":1500057691490,"result":"SKIPPED"},{"number":7,"description":"Then User Click on the \u0027java me\u0027 options should navigate to \u0027Oracle.com Search\u0027 page","duration":0,"startTime":1500057691492,"result":"SKIPPED"}],"userStory":{"id":"c","storyName":"C","path":"stories/consult_dictionary/c.story","narrative":"In order to check Functionality\nAs a n Tester\nI want to verify Global Nav application\neta:@skip","type":"story"},"title":"Test case -Search Box","tags":[{"name":"Consult dictionary/C","type":"story"},{"name":"Consult dictionary","type":"feature"}],"startTime":1500057679868,"duration":11627,"testFailureCause":{"errorType":"org.openqa.selenium.NoSuchElementException","message":"Timed out after 2 seconds. Element not found\nFor documentation on this error, please visit: http://seleniumhq.org/exceptions/no_such_element.html\nBuild info: version: \u00272.53.1\u0027, revision: \u0027a36b8b1cd5757287168e54b817830adce9b0158d\u0027, time: \u00272016-06-30 19:26:09\u0027\nSystem info: host: \u0027ARPANNEE-IN\u0027, ip: \u0027192.168.43.79\u0027, os.name: \u0027Windows 10\u0027, os.arch: \u0027amd64\u0027, os.version: \u002710.0\u0027, java.version: \u00271.8.0_131\u0027\nDriver info: driver.version: unknown","stackTrace":[{"declaringClass":"com.bdd.sample.pages.SearchBoxPage","methodName":"click_on_inside_textbox","fileName":"SearchBoxPage.java","lineNumber":36},{"declaringClass":"com.bdd.sample.steps.serenity.SearchBoxUserStep","methodName":"click_on_inside_Textbox","fileName":"SearchBoxUserStep.java","lineNumber":17},{"declaringClass":"com.bdd.sample.steps2.SearchBoxDefinitionSteps","methodName":"Userclickinsidethesearchboxmustshowthecursor","fileName":"SearchBoxDefinitionSteps.java","lineNumber":26}],"COLLAPSE_NEW_LINE_HINTS":["AssertionError","Expected","Expecting","ComparisonFailure"]},"testFailureClassname":"java.lang.AssertionError","testFailureMessage":"Timed out after 2 seconds. Element not found\nFor documentation on this error, please visit: http://seleniumhq.org/exceptions/no_such_element.html\nBuild info: version: \u00272.53.1\u0027, revision: \u0027a36b8b1cd5757287168e54b817830adce9b0158d\u0027, time: \u00272016-06-30 19:26:09\u0027\nSystem info: host: \u0027ARPANNEE-IN\u0027, ip: \u0027192.168.43.79\u0027, os.name: \u0027Windows 10\u0027, os.arch: \u0027amd64\u0027, os.version: \u002710.0\u0027, java.version: \u00271.8.0_131\u0027\nDriver info: driver.version: unknown\r\nTimed out after 2 seconds. Element not found\nFor documentation on this error, please visit: http://seleniumhq.org/exceptions/no_such_element.html\nBuild info: version: \u00272.53.1\u0027, revision: \u0027a36b8b1cd5757287168e54b817830adce9b0158d\u0027, time: \u00272016-06-30 19:26:09\u0027\nSystem info: host: \u0027ARPANNEE-IN\u0027, ip: \u0027192.168.43.79\u0027, os.name: \u0027Windows 10\u0027, os.arch: \u0027amd64\u0027, os.version: \u002710.0\u0027, java.version: \u00271.8.0_131\u0027\nDriver info: driver.version: unknown","annotatedResult":"ERROR","sessionId":"fedf9d63ae08ac6401d65e48c2b6c462","driver":"chrome","manual":false,"result":"ERROR"}