<acceptance-test-run title="Test case -Search Autosuggest" name="Test case -Search Autosuggest" steps="6" successful="1" failures="0" errors="1" skipped="4" ignored="0" pending="0" annotated-result="ERROR" result="ERROR" duration="10465" timestamp="2017-07-15T00:11:55.607+05:30" session-id="606eacc23a0a108ee84d0847d9da2b27">
  <user-story id="d" name="D" path="stories/consult_dictionary/d.story"/>
  <tags>
    <tag name="Consult dictionary" type="feature"/>
    <tag name="Consult dictionary/D" type="story"/>
  </tags>
  <test-group name="Given User on home page" result="SUCCESS">
    <screenshots>
      <screenshot image="8ed1c3078e7649b47117adc83dc97569.png"/>
    </screenshots>
    <test-step result="SUCCESS" duration="6837">
      <screenshots>
        <screenshot image="8ed1c3078e7649b47117adc83dc97569.png"/>
      </screenshots>
      <description>Is the home page</description>
    </test-step>
  </test-group>
  <test-group name="When User begins to type keyword &apos;ora&apos; in search box autosuggest must suggest options" result="ERROR">
    <screenshots>
      <screenshot image="8ed1c3078e7649b47117adc83dc97569.png"/>
    </screenshots>
    <test-step result="ERROR" duration="2848">
      <screenshots>
        <screenshot image="8ed1c3078e7649b47117adc83dc97569.png" source="pagesource6159208363970438811.html.txt"/>
      </screenshots>
      <description>Type keyword: ora</description>
      <error>org.openqa.selenium.NoSuchElementException: Timed out after 2 seconds. Element not found
For documentation on this error, please visit: http://seleniumhq.org/exceptions/no_such_element.html
Build info: version: &apos;2.53.1&apos;, revision: &apos;a36b8b1cd5757287168e54b817830adce9b0158d&apos;, time: &apos;2016-06-30 19:26:09&apos;
System info: host: &apos;ARPANNEE-IN&apos;, ip: &apos;192.168.43.79&apos;, os.name: &apos;Windows 10&apos;, os.arch: &apos;amd64&apos;, os.version: &apos;10.0&apos;, java.version: &apos;1.8.0_131&apos;
Driver info: driver.version: unknown</error>
      <exception>org.openqa.selenium.NoSuchElementException:Timed out after 2 seconds. Element not found
For documentation on this error, please visit: http://seleniumhq.org/exceptions/no_such_element.html
Build info: version: &apos;2.53.1&apos;, revision: &apos;a36b8b1cd5757287168e54b817830adce9b0158d&apos;, time: &apos;2016-06-30 19:26:09&apos;
System info: host: &apos;ARPANNEE-IN&apos;, ip: &apos;192.168.43.79&apos;, os.name: &apos;Windows 10&apos;, os.arch: &apos;amd64&apos;, os.version: &apos;10.0&apos;, java.version: &apos;1.8.0_131&apos;
Driver info: driver.version: unknown&#xd;
[com.bdd.sample.pages.SearchAutosuggestPage.type_keyword(SearchAutosuggestPage.java:46), com.bdd.sample.steps.serenity.SearchAutosuggestSteps.type_keyword(SearchAutosuggestSteps.java:17), com.bdd.sample.steps2.SearchAutosuggestDefinition.whenUserBeginsToTypeAKeywordjavInSearchBoxAutosuggestMustSuggestOptions(SearchAutosuggestDefinition.java:20)]</exception>
    </test-step>
  </test-group>
  <test-step result="SKIPPED" duration="0">
    <description>Then User start entering keyword &apos;jav&apos; again and autosuggest must reappear</description>
  </test-step>
  <test-step result="SKIPPED" duration="1">
    <description>Then User Enters keyword &apos;oracle&apos; and hit enter results must be displayed in &apos;Oracle.com Search&apos; page</description>
  </test-step>
  <test-step result="SKIPPED" duration="0">
    <description>Then User Enters keyword &apos;jav&apos; and click search icon results must be displayed in &apos;Oracle.com Search&apos; page</description>
  </test-step>
  <test-step result="SKIPPED" duration="0">
    <description>Then User Enters keyword &apos;oracle&apos; and once autosuggestion appears, click outside the search field and verify that the autosuggest retracts</description>
  </test-step>
</acceptance-test-run>