{"name":"Test case -Search Autosuggest","testSteps":[{"number":1,"description":"Given User on home page","duration":7174,"startTime":1500057715608,"screenshots":[{"screenshot":"8ed1c3078e7649b47117adc83dc97569.png"}],"result":"SUCCESS","children":[{"number":2,"description":"Is the home page","duration":6837,"startTime":1500057715612,"screenshots":[{"screenshot":"8ed1c3078e7649b47117adc83dc97569.png"}],"result":"SUCCESS"}]},{"number":3,"description":"When User begins to type keyword \u0027ora\u0027 in search box autosuggest must suggest options","duration":3265,"startTime":1500057722782,"screenshots":[{"screenshot":"8ed1c3078e7649b47117adc83dc97569.png"}],"exception":{"errorType":"org.openqa.selenium.NoSuchElementException","message":"Timed out after 2 seconds. Element not found\nFor documentation on this error, please visit: http://seleniumhq.org/exceptions/no_such_element.html\nBuild info: version: \u00272.53.1\u0027, revision: \u0027a36b8b1cd5757287168e54b817830adce9b0158d\u0027, time: \u00272016-06-30 19:26:09\u0027\nSystem info: host: \u0027ARPANNEE-IN\u0027, ip: \u0027192.168.43.79\u0027, os.name: \u0027Windows 10\u0027, os.arch: \u0027amd64\u0027, os.version: \u002710.0\u0027, java.version: \u00271.8.0_131\u0027\nDriver info: driver.version: unknown","stackTrace":[{"declaringClass":"com.bdd.sample.pages.SearchAutosuggestPage","methodName":"type_keyword","fileName":"SearchAutosuggestPage.java","lineNumber":46},{"declaringClass":"com.bdd.sample.steps.serenity.SearchAutosuggestSteps","methodName":"type_keyword","fileName":"SearchAutosuggestSteps.java","lineNumber":17},{"declaringClass":"com.bdd.sample.steps2.SearchAutosuggestDefinition","methodName":"whenUserBeginsToTypeAKeywordjavInSearchBoxAutosuggestMustSuggestOptions","fileName":"SearchAutosuggestDefinition.java","lineNumber":20}],"COLLAPSE_NEW_LINE_HINTS":["AssertionError","Expected","Expecting","ComparisonFailure"]},"result":"ERROR","children":[{"number":4,"description":"Type keyword: ora","duration":2848,"startTime":1500057723196,"screenshots":[{"screenshot":"8ed1c3078e7649b47117adc83dc97569.png","htmlSource":"pagesource6159208363970438811.html.txt"}],"exception":{"errorType":"org.openqa.selenium.NoSuchElementException","message":"Timed out after 2 seconds. Element not found\nFor documentation on this error, please visit: http://seleniumhq.org/exceptions/no_such_element.html\nBuild info: version: \u00272.53.1\u0027, revision: \u0027a36b8b1cd5757287168e54b817830adce9b0158d\u0027, time: \u00272016-06-30 19:26:09\u0027\nSystem info: host: \u0027ARPANNEE-IN\u0027, ip: \u0027192.168.43.79\u0027, os.name: \u0027Windows 10\u0027, os.arch: \u0027amd64\u0027, os.version: \u002710.0\u0027, java.version: \u00271.8.0_131\u0027\nDriver info: driver.version: unknown","stackTrace":[{"declaringClass":"com.bdd.sample.pages.SearchAutosuggestPage","methodName":"type_keyword","fileName":"SearchAutosuggestPage.java","lineNumber":46},{"declaringClass":"com.bdd.sample.steps.serenity.SearchAutosuggestSteps","methodName":"type_keyword","fileName":"SearchAutosuggestSteps.java","lineNumber":17},{"declaringClass":"com.bdd.sample.steps2.SearchAutosuggestDefinition","methodName":"whenUserBeginsToTypeAKeywordjavInSearchBoxAutosuggestMustSuggestOptions","fileName":"SearchAutosuggestDefinition.java","lineNumber":20}],"COLLAPSE_NEW_LINE_HINTS":["AssertionError","Expected","Expecting","ComparisonFailure"]},"result":"ERROR"}]},{"number":5,"description":"Then User start entering keyword \u0027jav\u0027 again and autosuggest must reappear","duration":0,"startTime":1500057726049,"result":"SKIPPED"},{"number":6,"description":"Then User Enters keyword \u0027oracle\u0027 and hit enter results must be displayed in \u0027Oracle.com Search\u0027 page","duration":1,"startTime":1500057726050,"result":"SKIPPED"},{"number":7,"description":"Then User Enters keyword \u0027jav\u0027 and click search icon results must be displayed in \u0027Oracle.com Search\u0027 page","duration":0,"startTime":1500057726052,"result":"SKIPPED"},{"number":8,"description":"Then User Enters keyword \u0027oracle\u0027 and once autosuggestion appears, click outside the search field and verify that the autosuggest retracts","duration":0,"startTime":1500057726054,"result":"SKIPPED"}],"userStory":{"id":"d","storyName":"D","path":"stories/consult_dictionary/d.story","narrative":"In order to check Functionality\nAs a n Tester\nI want to verify Global Nav application\neta:@skip","type":"story"},"title":"Test case -Search Autosuggest","tags":[{"name":"Consult dictionary/D","type":"story"},{"name":"Consult dictionary","type":"feature"}],"startTime":1500057715607,"duration":10465,"testFailureCause":{"errorType":"org.openqa.selenium.NoSuchElementException","message":"Timed out after 2 seconds. Element not found\nFor documentation on this error, please visit: http://seleniumhq.org/exceptions/no_such_element.html\nBuild info: version: \u00272.53.1\u0027, revision: \u0027a36b8b1cd5757287168e54b817830adce9b0158d\u0027, time: \u00272016-06-30 19:26:09\u0027\nSystem info: host: \u0027ARPANNEE-IN\u0027, ip: \u0027192.168.43.79\u0027, os.name: \u0027Windows 10\u0027, os.arch: \u0027amd64\u0027, os.version: \u002710.0\u0027, java.version: \u00271.8.0_131\u0027\nDriver info: driver.version: unknown","stackTrace":[{"declaringClass":"com.bdd.sample.pages.SearchAutosuggestPage","methodName":"type_keyword","fileName":"SearchAutosuggestPage.java","lineNumber":46},{"declaringClass":"com.bdd.sample.steps.serenity.SearchAutosuggestSteps","methodName":"type_keyword","fileName":"SearchAutosuggestSteps.java","lineNumber":17},{"declaringClass":"com.bdd.sample.steps2.SearchAutosuggestDefinition","methodName":"whenUserBeginsToTypeAKeywordjavInSearchBoxAutosuggestMustSuggestOptions","fileName":"SearchAutosuggestDefinition.java","lineNumber":20}],"COLLAPSE_NEW_LINE_HINTS":["AssertionError","Expected","Expecting","ComparisonFailure"]},"testFailureClassname":"java.lang.AssertionError","testFailureMessage":"Timed out after 2 seconds. Element not found\nFor documentation on this error, please visit: http://seleniumhq.org/exceptions/no_such_element.html\nBuild info: version: \u00272.53.1\u0027, revision: \u0027a36b8b1cd5757287168e54b817830adce9b0158d\u0027, time: \u00272016-06-30 19:26:09\u0027\nSystem info: host: \u0027ARPANNEE-IN\u0027, ip: \u0027192.168.43.79\u0027, os.name: \u0027Windows 10\u0027, os.arch: \u0027amd64\u0027, os.version: \u002710.0\u0027, java.version: \u00271.8.0_131\u0027\nDriver info: driver.version: unknown\r\nTimed out after 2 seconds. Element not found\nFor documentation on this error, please visit: http://seleniumhq.org/exceptions/no_such_element.html\nBuild info: version: \u00272.53.1\u0027, revision: \u0027a36b8b1cd5757287168e54b817830adce9b0158d\u0027, time: \u00272016-06-30 19:26:09\u0027\nSystem info: host: \u0027ARPANNEE-IN\u0027, ip: \u0027192.168.43.79\u0027, os.name: \u0027Windows 10\u0027, os.arch: \u0027amd64\u0027, os.version: \u002710.0\u0027, java.version: \u00271.8.0_131\u0027\nDriver info: driver.version: unknown","annotatedResult":"ERROR","sessionId":"606eacc23a0a108ee84d0847d9da2b27","driver":"chrome","manual":false,"result":"ERROR"}