<acceptance-test-run title="Test case -Global Nav (Accelerator)" name="Test case -Global Nav (Accelerator)" steps="4" successful="1" failures="0" errors="1" skipped="2" ignored="0" pending="0" annotated-result="ERROR" result="ERROR" duration="16535" timestamp="2017-07-15T00:10:45.690+05:30" session-id="1cdac44102b03eca1749988222b7d4b8">
  <user-story id="a" name="A" path="stories/consult_dictionary/a.story"/>
  <tags>
    <tag name="Consult dictionary" type="feature"/>
    <tag name="Consult dictionary/A" type="story"/>
  </tags>
  <test-group name="Given User on home page" result="SUCCESS">
    <screenshots>
      <screenshot image="8ed1c3078e7649b47117adc83dc97569.png"/>
    </screenshots>
    <test-step result="SUCCESS" duration="12507">
      <screenshots>
        <screenshot image="8ed1c3078e7649b47117adc83dc97569.png"/>
      </screenshots>
      <description>Is the home page</description>
    </test-step>
  </test-group>
  <test-group name="When User verifies Menu bar should not Move while pageload" result="ERROR">
    <screenshots>
      <screenshot image="8ed1c3078e7649b47117adc83dc97569.png"/>
    </screenshots>
    <test-step result="ERROR" duration="2887">
      <screenshots>
        <screenshot image="8ed1c3078e7649b47117adc83dc97569.png" source="pagesource5378925831604997700.html.txt"/>
      </screenshots>
      <description>Verify  menu bar position</description>
      <error>org.openqa.selenium.NoSuchElementException: Timed out after 2 seconds. Element not found
For documentation on this error, please visit: http://seleniumhq.org/exceptions/no_such_element.html
Build info: version: &apos;2.53.1&apos;, revision: &apos;a36b8b1cd5757287168e54b817830adce9b0158d&apos;, time: &apos;2016-06-30 19:26:09&apos;
System info: host: &apos;ARPANNEE-IN&apos;, ip: &apos;192.168.43.79&apos;, os.name: &apos;Windows 10&apos;, os.arch: &apos;amd64&apos;, os.version: &apos;10.0&apos;, java.version: &apos;1.8.0_131&apos;
Driver info: driver.version: unknown</error>
      <exception>org.openqa.selenium.NoSuchElementException:Timed out after 2 seconds. Element not found
For documentation on this error, please visit: http://seleniumhq.org/exceptions/no_such_element.html
Build info: version: &apos;2.53.1&apos;, revision: &apos;a36b8b1cd5757287168e54b817830adce9b0158d&apos;, time: &apos;2016-06-30 19:26:09&apos;
System info: host: &apos;ARPANNEE-IN&apos;, ip: &apos;192.168.43.79&apos;, os.name: &apos;Windows 10&apos;, os.arch: &apos;amd64&apos;, os.version: &apos;10.0&apos;, java.version: &apos;1.8.0_131&apos;
Driver info: driver.version: unknown&#xd;
[com.bdd.sample.pages.DictionaryPage.Menu_bar_displayed(DictionaryPage.java:64), com.bdd.sample.steps.serenity.EndUserSteps.verify_Menu_bar_position(EndUserSteps.java:27), com.bdd.sample.steps2.DefinitionSteps.pageloadsjamesverifyMenubarshouldnotMove(DefinitionSteps.java:35)]</exception>
    </test-step>
  </test-group>
  <test-step result="SKIPPED" duration="5">
    <description>Then User verifies left Header contains:&#xd;
［| Header1|&#xd;
| Logo   |&#xd;
| Search |&#xd;
|  Menu  |］</description>
  </test-step>
  <test-step result="SKIPPED" duration="0">
    <description>Then User verifies right Header contains:&#xd;
［| Header2|&#xd;
| Account|&#xd;
| Country|&#xd;
| Call   |］</description>
  </test-step>
</acceptance-test-run>