{"name":"Test case -Global Nav (Accelerator)","testSteps":[{"number":1,"description":"Given User on home page","duration":13083,"startTime":1500057645747,"screenshots":[{"screenshot":"8ed1c3078e7649b47117adc83dc97569.png"}],"result":"SUCCESS","children":[{"number":2,"description":"Is the home page","duration":12507,"startTime":1500057645937,"screenshots":[{"screenshot":"8ed1c3078e7649b47117adc83dc97569.png"}],"result":"SUCCESS"}]},{"number":3,"description":"When User verifies Menu bar should not Move while pageload","duration":3317,"startTime":1500057658830,"screenshots":[{"screenshot":"8ed1c3078e7649b47117adc83dc97569.png"}],"exception":{"errorType":"org.openqa.selenium.NoSuchElementException","message":"Timed out after 2 seconds. Element not found\nFor documentation on this error, please visit: http://seleniumhq.org/exceptions/no_such_element.html\nBuild info: version: \u00272.53.1\u0027, revision: \u0027a36b8b1cd5757287168e54b817830adce9b0158d\u0027, time: \u00272016-06-30 19:26:09\u0027\nSystem info: host: \u0027ARPANNEE-IN\u0027, ip: \u0027192.168.43.79\u0027, os.name: \u0027Windows 10\u0027, os.arch: \u0027amd64\u0027, os.version: \u002710.0\u0027, java.version: \u00271.8.0_131\u0027\nDriver info: driver.version: unknown","stackTrace":[{"declaringClass":"com.bdd.sample.pages.DictionaryPage","methodName":"Menu_bar_displayed","fileName":"DictionaryPage.java","lineNumber":64},{"declaringClass":"com.bdd.sample.steps.serenity.EndUserSteps","methodName":"verify_Menu_bar_position","fileName":"EndUserSteps.java","lineNumber":27},{"declaringClass":"com.bdd.sample.steps2.DefinitionSteps","methodName":"pageloadsjamesverifyMenubarshouldnotMove","fileName":"DefinitionSteps.java","lineNumber":35}],"COLLAPSE_NEW_LINE_HINTS":["AssertionError","Expected","Expecting","ComparisonFailure"]},"result":"ERROR","children":[{"number":4,"description":"Verify  menu bar position","duration":2887,"startTime":1500057659246,"screenshots":[{"screenshot":"8ed1c3078e7649b47117adc83dc97569.png","htmlSource":"pagesource5378925831604997700.html.txt"}],"exception":{"errorType":"org.openqa.selenium.NoSuchElementException","message":"Timed out after 2 seconds. Element not found\nFor documentation on this error, please visit: http://seleniumhq.org/exceptions/no_such_element.html\nBuild info: version: \u00272.53.1\u0027, revision: \u0027a36b8b1cd5757287168e54b817830adce9b0158d\u0027, time: \u00272016-06-30 19:26:09\u0027\nSystem info: host: \u0027ARPANNEE-IN\u0027, ip: \u0027192.168.43.79\u0027, os.name: \u0027Windows 10\u0027, os.arch: \u0027amd64\u0027, os.version: \u002710.0\u0027, java.version: \u00271.8.0_131\u0027\nDriver info: driver.version: unknown","stackTrace":[{"declaringClass":"com.bdd.sample.pages.DictionaryPage","methodName":"Menu_bar_displayed","fileName":"DictionaryPage.java","lineNumber":64},{"declaringClass":"com.bdd.sample.steps.serenity.EndUserSteps","methodName":"verify_Menu_bar_position","fileName":"EndUserSteps.java","lineNumber":27},{"declaringClass":"com.bdd.sample.steps2.DefinitionSteps","methodName":"pageloadsjamesverifyMenubarshouldnotMove","fileName":"DefinitionSteps.java","lineNumber":35}],"COLLAPSE_NEW_LINE_HINTS":["AssertionError","Expected","Expecting","ComparisonFailure"]},"result":"ERROR"}]},{"number":5,"description":"Then User verifies left Header contains:\r\n［| Header1|\r\n| Logo   |\r\n| Search |\r\n|  Menu  |］","duration":5,"startTime":1500057662199,"result":"SKIPPED"},{"number":6,"description":"Then User verifies right Header contains:\r\n［| Header2|\r\n| Account|\r\n| Country|\r\n| Call   |］","duration":0,"startTime":1500057662210,"result":"SKIPPED"}],"userStory":{"id":"a","storyName":"A","path":"stories/consult_dictionary/a.story","narrative":"In order to check Functionality\nAs a n Tester\nI want to verify Global Nav application\r\neta:@skip","type":"story"},"title":"Test case -Global Nav (Accelerator)","tags":[{"name":"Consult dictionary","type":"feature"},{"name":"Consult dictionary/A","type":"story"}],"startTime":1500057645690,"duration":16535,"testFailureCause":{"errorType":"org.openqa.selenium.NoSuchElementException","message":"Timed out after 2 seconds. Element not found\nFor documentation on this error, please visit: http://seleniumhq.org/exceptions/no_such_element.html\nBuild info: version: \u00272.53.1\u0027, revision: \u0027a36b8b1cd5757287168e54b817830adce9b0158d\u0027, time: \u00272016-06-30 19:26:09\u0027\nSystem info: host: \u0027ARPANNEE-IN\u0027, ip: \u0027192.168.43.79\u0027, os.name: \u0027Windows 10\u0027, os.arch: \u0027amd64\u0027, os.version: \u002710.0\u0027, java.version: \u00271.8.0_131\u0027\nDriver info: driver.version: unknown","stackTrace":[{"declaringClass":"com.bdd.sample.pages.DictionaryPage","methodName":"Menu_bar_displayed","fileName":"DictionaryPage.java","lineNumber":64},{"declaringClass":"com.bdd.sample.steps.serenity.EndUserSteps","methodName":"verify_Menu_bar_position","fileName":"EndUserSteps.java","lineNumber":27},{"declaringClass":"com.bdd.sample.steps2.DefinitionSteps","methodName":"pageloadsjamesverifyMenubarshouldnotMove","fileName":"DefinitionSteps.java","lineNumber":35}],"COLLAPSE_NEW_LINE_HINTS":["AssertionError","Expected","Expecting","ComparisonFailure"]},"testFailureClassname":"java.lang.AssertionError","testFailureMessage":"Timed out after 2 seconds. Element not found\nFor documentation on this error, please visit: http://seleniumhq.org/exceptions/no_such_element.html\nBuild info: version: \u00272.53.1\u0027, revision: \u0027a36b8b1cd5757287168e54b817830adce9b0158d\u0027, time: \u00272016-06-30 19:26:09\u0027\nSystem info: host: \u0027ARPANNEE-IN\u0027, ip: \u0027192.168.43.79\u0027, os.name: \u0027Windows 10\u0027, os.arch: \u0027amd64\u0027, os.version: \u002710.0\u0027, java.version: \u00271.8.0_131\u0027\nDriver info: driver.version: unknown\r\nTimed out after 2 seconds. Element not found\nFor documentation on this error, please visit: http://seleniumhq.org/exceptions/no_such_element.html\nBuild info: version: \u00272.53.1\u0027, revision: \u0027a36b8b1cd5757287168e54b817830adce9b0158d\u0027, time: \u00272016-06-30 19:26:09\u0027\nSystem info: host: \u0027ARPANNEE-IN\u0027, ip: \u0027192.168.43.79\u0027, os.name: \u0027Windows 10\u0027, os.arch: \u0027amd64\u0027, os.version: \u002710.0\u0027, java.version: \u00271.8.0_131\u0027\nDriver info: driver.version: unknown","annotatedResult":"ERROR","sessionId":"1cdac44102b03eca1749988222b7d4b8","driver":"chrome","manual":false,"result":"ERROR"}