<acceptance-test-run title="Test case -Country List" name="Test case -Country List" steps="3" successful="1" failures="0" errors="1" skipped="1" ignored="0" pending="0" annotated-result="ERROR" result="ERROR" duration="6006" timestamp="2017-07-15T00:11:03.734+05:30" session-id="9934b30f1b41f7ced51ac3e9a0062366">
  <user-story id="g" name="G" path="stories/consult_dictionary/g.story"/>
  <tags>
    <tag name="Consult dictionary" type="feature"/>
    <tag name="Consult dictionary/G" type="story"/>
  </tags>
  <test-group name="Given User on home page" result="SUCCESS">
    <screenshots>
      <screenshot image="8ed1c3078e7649b47117adc83dc97569.png"/>
    </screenshots>
    <test-step result="SUCCESS" duration="4447">
      <screenshots>
        <screenshot image="8ed1c3078e7649b47117adc83dc97569.png"/>
      </screenshots>
      <description>Is the home page</description>
    </test-step>
  </test-group>
  <test-group name="When User Hover over on &apos;Country&apos; text" result="ERROR">
    <screenshots>
      <screenshot image="8ed1c3078e7649b47117adc83dc97569.png"/>
    </screenshots>
    <test-step result="ERROR" duration="810">
      <screenshots>
        <screenshot image="8ed1c3078e7649b47117adc83dc97569.png" source="pagesource966487871847405719.html.txt"/>
      </screenshots>
      <description>Hover on: Country</description>
      <error>org.openqa.selenium.NoSuchElementException: no such element: Unable to locate element: {&quot;method&quot;:&quot;xpath&quot;,&quot;selector&quot;:&quot;//span[contains(text(),&apos;Country&apos;)]&quot;}
  (Session info: chrome=59.0.3071.115)
  (Driver info: chromedriver=2.28.455520 (cc17746adff54984afff480136733114c6b3704b),platform=Windows NT 10.0.14393 x86_64) (WARNING: The server did not provide any stacktrace information)
Command duration or timeout: 39 milliseconds
For documentation on this error, please visit: http://seleniumhq.org/exceptions/no_such_element.html
Build info: version: &apos;2.53.1&apos;, revision: &apos;a36b8b1cd5757287168e54b817830adce9b0158d&apos;, time: &apos;2016-06-30 19:26:09&apos;
System info: host: &apos;ARPANNEE-IN&apos;, ip: &apos;192.168.43.79&apos;, os.name: &apos;Windows 10&apos;, os.arch: &apos;amd64&apos;, os.version: &apos;10.0&apos;, java.version: &apos;1.8.0_131&apos;
Driver info: org.openqa.selenium.chrome.ChromeDriver
Capabilities [{applicationCacheEnabled=false, rotatable=false, mobileEmulationEnabled=false, networkConnectionEnabled=false, chrome={chromedriverVersion=2.28.455520 (cc17746adff54984afff480136733114c6b3704b), userDataDir=C:\Users\arpannee\AppData\Local\Temp\scoped_dir6076_25972}, takesHeapSnapshot=true, pageLoadStrategy=normal, databaseEnabled=false, handlesAlerts=true, hasTouchScreen=false, version=59.0.3071.115, platform=XP, browserConnectionEnabled=false, nativeEvents=true, acceptSslCerts=true, locationContextEnabled=true, webStorageEnabled=true, browserName=chrome, takesScreenshot=true, javascriptEnabled=true, cssSelectorsEnabled=true, unexpectedAlertBehaviour=}]
Session ID: 9934b30f1b41f7ced51ac3e9a0062366
*** Element info: {Using=xpath, value=//span[contains(text(),&apos;Country&apos;)]}</error>
      <exception>org.openqa.selenium.NoSuchElementException:no such element: Unable to locate element: {&quot;method&quot;:&quot;xpath&quot;,&quot;selector&quot;:&quot;//span[contains(text(),&apos;Country&apos;)]&quot;}
  (Session info: chrome=59.0.3071.115)
  (Driver info: chromedriver=2.28.455520 (cc17746adff54984afff480136733114c6b3704b),platform=Windows NT 10.0.14393 x86_64) (WARNING: The server did not provide any stacktrace information)
Command duration or timeout: 39 milliseconds
For documentation on this error, please visit: http://seleniumhq.org/exceptions/no_such_element.html
Build info: version: &apos;2.53.1&apos;, revision: &apos;a36b8b1cd5757287168e54b817830adce9b0158d&apos;, time: &apos;2016-06-30 19:26:09&apos;
System info: host: &apos;ARPANNEE-IN&apos;, ip: &apos;192.168.43.79&apos;, os.name: &apos;Windows 10&apos;, os.arch: &apos;amd64&apos;, os.version: &apos;10.0&apos;, java.version: &apos;1.8.0_131&apos;
Driver info: org.openqa.selenium.chrome.ChromeDriver
Capabilities [{applicationCacheEnabled=false, rotatable=false, mobileEmulationEnabled=false, networkConnectionEnabled=false, chrome={chromedriverVersion=2.28.455520 (cc17746adff54984afff480136733114c6b3704b), userDataDir=C:\Users\arpannee\AppData\Local\Temp\scoped_dir6076_25972}, takesHeapSnapshot=true, pageLoadStrategy=normal, databaseEnabled=false, handlesAlerts=true, hasTouchScreen=false, version=59.0.3071.115, platform=XP, browserConnectionEnabled=false, nativeEvents=true, acceptSslCerts=true, locationContextEnabled=true, webStorageEnabled=true, browserName=chrome, takesScreenshot=true, javascriptEnabled=true, cssSelectorsEnabled=true, unexpectedAlertBehaviour=}]
Session ID: 9934b30f1b41f7ced51ac3e9a0062366
*** Element info: {Using=xpath, value=//span[contains(text(),&apos;Country&apos;)]}&#xd;
[com.bdd.sample.pages.CountryListPage.hover_on(CountryListPage.java:23), com.bdd.sample.steps.serenity.CountryListSteps.hover_on(CountryListSteps.java:20), com.bdd.sample.steps2.CountryListDefinition.UserHoveroveronCountrytext(CountryListDefinition.java:20)]</exception>
    </test-step>
  </test-group>
  <test-step result="SKIPPED" duration="1">
    <description>Then User can see the  panel showing Regions and their countries with two column</description>
  </test-step>
</acceptance-test-run>