{"name":"Test case -Country List","testSteps":[{"number":1,"description":"Given User on home page","duration":4829,"startTime":1500057663735,"screenshots":[{"screenshot":"8ed1c3078e7649b47117adc83dc97569.png"}],"result":"SUCCESS","children":[{"number":2,"description":"Is the home page","duration":4447,"startTime":1500057663741,"screenshots":[{"screenshot":"8ed1c3078e7649b47117adc83dc97569.png"}],"result":"SUCCESS"}]},{"number":3,"description":"When User Hover over on \u0027Country\u0027 text","duration":1170,"startTime":1500057668564,"screenshots":[{"screenshot":"8ed1c3078e7649b47117adc83dc97569.png"}],"exception":{"errorType":"org.openqa.selenium.NoSuchElementException","message":"no such element: Unable to locate element: {\"method\":\"xpath\",\"selector\":\"//span[contains(text(),\u0027Country\u0027)]\"}\n  (Session info: chrome\u003d59.0.3071.115)\n  (Driver info: chromedriver\u003d2.28.455520 (cc17746adff54984afff480136733114c6b3704b),platform\u003dWindows NT 10.0.14393 x86_64) (WARNING: The server did not provide any stacktrace information)\nCommand duration or timeout: 39 milliseconds\nFor documentation on this error, please visit: http://seleniumhq.org/exceptions/no_such_element.html\nBuild info: version: \u00272.53.1\u0027, revision: \u0027a36b8b1cd5757287168e54b817830adce9b0158d\u0027, time: \u00272016-06-30 19:26:09\u0027\nSystem info: host: \u0027ARPANNEE-IN\u0027, ip: \u0027192.168.43.79\u0027, os.name: \u0027Windows 10\u0027, os.arch: \u0027amd64\u0027, os.version: \u002710.0\u0027, java.version: \u00271.8.0_131\u0027\nDriver info: org.openqa.selenium.chrome.ChromeDriver\nCapabilities [{applicationCacheEnabled\u003dfalse, rotatable\u003dfalse, mobileEmulationEnabled\u003dfalse, networkConnectionEnabled\u003dfalse, chrome\u003d{chromedriverVersion\u003d2.28.455520 (cc17746adff54984afff480136733114c6b3704b), userDataDir\u003dC:\\Users\\arpannee\\AppData\\Local\\Temp\\scoped_dir6076_25972}, takesHeapSnapshot\u003dtrue, pageLoadStrategy\u003dnormal, databaseEnabled\u003dfalse, handlesAlerts\u003dtrue, hasTouchScreen\u003dfalse, version\u003d59.0.3071.115, platform\u003dXP, browserConnectionEnabled\u003dfalse, nativeEvents\u003dtrue, acceptSslCerts\u003dtrue, locationContextEnabled\u003dtrue, webStorageEnabled\u003dtrue, browserName\u003dchrome, takesScreenshot\u003dtrue, javascriptEnabled\u003dtrue, cssSelectorsEnabled\u003dtrue, unexpectedAlertBehaviour\u003d}]\nSession ID: 9934b30f1b41f7ced51ac3e9a0062366\n*** Element info: {Using\u003dxpath, value\u003d//span[contains(text(),\u0027Country\u0027)]}","stackTrace":[{"declaringClass":"com.bdd.sample.pages.CountryListPage","methodName":"hover_on","fileName":"CountryListPage.java","lineNumber":23},{"declaringClass":"com.bdd.sample.steps.serenity.CountryListSteps","methodName":"hover_on","fileName":"CountryListSteps.java","lineNumber":20},{"declaringClass":"com.bdd.sample.steps2.CountryListDefinition","methodName":"UserHoveroveronCountrytext","fileName":"CountryListDefinition.java","lineNumber":20}],"COLLAPSE_NEW_LINE_HINTS":["AssertionError","Expected","Expecting","ComparisonFailure"]},"result":"ERROR","children":[{"number":4,"description":"Hover on: Country","duration":810,"startTime":1500057668919,"screenshots":[{"screenshot":"8ed1c3078e7649b47117adc83dc97569.png","htmlSource":"pagesource966487871847405719.html.txt"}],"exception":{"errorType":"org.openqa.selenium.NoSuchElementException","message":"no such element: Unable to locate element: {\"method\":\"xpath\",\"selector\":\"//span[contains(text(),\u0027Country\u0027)]\"}\n  (Session info: chrome\u003d59.0.3071.115)\n  (Driver info: chromedriver\u003d2.28.455520 (cc17746adff54984afff480136733114c6b3704b),platform\u003dWindows NT 10.0.14393 x86_64) (WARNING: The server did not provide any stacktrace information)\nCommand duration or timeout: 39 milliseconds\nFor documentation on this error, please visit: http://seleniumhq.org/exceptions/no_such_element.html\nBuild info: version: \u00272.53.1\u0027, revision: \u0027a36b8b1cd5757287168e54b817830adce9b0158d\u0027, time: \u00272016-06-30 19:26:09\u0027\nSystem info: host: \u0027ARPANNEE-IN\u0027, ip: \u0027192.168.43.79\u0027, os.name: \u0027Windows 10\u0027, os.arch: \u0027amd64\u0027, os.version: \u002710.0\u0027, java.version: \u00271.8.0_131\u0027\nDriver info: org.openqa.selenium.chrome.ChromeDriver\nCapabilities [{applicationCacheEnabled\u003dfalse, rotatable\u003dfalse, mobileEmulationEnabled\u003dfalse, networkConnectionEnabled\u003dfalse, chrome\u003d{chromedriverVersion\u003d2.28.455520 (cc17746adff54984afff480136733114c6b3704b), userDataDir\u003dC:\\Users\\arpannee\\AppData\\Local\\Temp\\scoped_dir6076_25972}, takesHeapSnapshot\u003dtrue, pageLoadStrategy\u003dnormal, databaseEnabled\u003dfalse, handlesAlerts\u003dtrue, hasTouchScreen\u003dfalse, version\u003d59.0.3071.115, platform\u003dXP, browserConnectionEnabled\u003dfalse, nativeEvents\u003dtrue, acceptSslCerts\u003dtrue, locationContextEnabled\u003dtrue, webStorageEnabled\u003dtrue, browserName\u003dchrome, takesScreenshot\u003dtrue, javascriptEnabled\u003dtrue, cssSelectorsEnabled\u003dtrue, unexpectedAlertBehaviour\u003d}]\nSession ID: 9934b30f1b41f7ced51ac3e9a0062366\n*** Element info: {Using\u003dxpath, value\u003d//span[contains(text(),\u0027Country\u0027)]}","stackTrace":[{"declaringClass":"com.bdd.sample.pages.CountryListPage","methodName":"hover_on","fileName":"CountryListPage.java","lineNumber":23},{"declaringClass":"com.bdd.sample.steps.serenity.CountryListSteps","methodName":"hover_on","fileName":"CountryListSteps.java","lineNumber":20},{"declaringClass":"com.bdd.sample.steps2.CountryListDefinition","methodName":"UserHoveroveronCountrytext","fileName":"CountryListDefinition.java","lineNumber":20}],"COLLAPSE_NEW_LINE_HINTS":["AssertionError","Expected","Expecting","ComparisonFailure"]},"result":"ERROR"}]},{"number":5,"description":"Then User can see the  panel showing Regions and their countries with two column","duration":1,"startTime":1500057669734,"result":"SKIPPED"}],"userStory":{"id":"g","storyName":"G","path":"stories/consult_dictionary/g.story","narrative":"In order to check Functionality\nAs a n Tester\nI want to verify Global Nav application\neta:@skip","type":"story"},"title":"Test case -Country List","tags":[{"name":"Consult dictionary/G","type":"story"},{"name":"Consult dictionary","type":"feature"}],"startTime":1500057663734,"duration":6006,"testFailureCause":{"errorType":"org.openqa.selenium.NoSuchElementException","message":"no such element: Unable to locate element: {\"method\":\"xpath\",\"selector\":\"//span[contains(text(),\u0027Country\u0027)]\"}\n  (Session info: chrome\u003d59.0.3071.115)\n  (Driver info: chromedriver\u003d2.28.455520 (cc17746adff54984afff480136733114c6b3704b),platform\u003dWindows NT 10.0.14393 x86_64) (WARNING: The server did not provide any stacktrace information)\nCommand duration or timeout: 39 milliseconds\nFor documentation on this error, please visit: http://seleniumhq.org/exceptions/no_such_element.html\nBuild info: version: \u00272.53.1\u0027, revision: \u0027a36b8b1cd5757287168e54b817830adce9b0158d\u0027, time: \u00272016-06-30 19:26:09\u0027\nSystem info: host: \u0027ARPANNEE-IN\u0027, ip: \u0027192.168.43.79\u0027, os.name: \u0027Windows 10\u0027, os.arch: \u0027amd64\u0027, os.version: \u002710.0\u0027, java.version: \u00271.8.0_131\u0027\nDriver info: org.openqa.selenium.chrome.ChromeDriver\nCapabilities [{applicationCacheEnabled\u003dfalse, rotatable\u003dfalse, mobileEmulationEnabled\u003dfalse, networkConnectionEnabled\u003dfalse, chrome\u003d{chromedriverVersion\u003d2.28.455520 (cc17746adff54984afff480136733114c6b3704b), userDataDir\u003dC:\\Users\\arpannee\\AppData\\Local\\Temp\\scoped_dir6076_25972}, takesHeapSnapshot\u003dtrue, pageLoadStrategy\u003dnormal, databaseEnabled\u003dfalse, handlesAlerts\u003dtrue, hasTouchScreen\u003dfalse, version\u003d59.0.3071.115, platform\u003dXP, browserConnectionEnabled\u003dfalse, nativeEvents\u003dtrue, acceptSslCerts\u003dtrue, locationContextEnabled\u003dtrue, webStorageEnabled\u003dtrue, browserName\u003dchrome, takesScreenshot\u003dtrue, javascriptEnabled\u003dtrue, cssSelectorsEnabled\u003dtrue, unexpectedAlertBehaviour\u003d}]\nSession ID: 9934b30f1b41f7ced51ac3e9a0062366\n*** Element info: {Using\u003dxpath, value\u003d//span[contains(text(),\u0027Country\u0027)]}","stackTrace":[{"declaringClass":"com.bdd.sample.pages.CountryListPage","methodName":"hover_on","fileName":"CountryListPage.java","lineNumber":23},{"declaringClass":"com.bdd.sample.steps.serenity.CountryListSteps","methodName":"hover_on","fileName":"CountryListSteps.java","lineNumber":20},{"declaringClass":"com.bdd.sample.steps2.CountryListDefinition","methodName":"UserHoveroveronCountrytext","fileName":"CountryListDefinition.java","lineNumber":20}],"COLLAPSE_NEW_LINE_HINTS":["AssertionError","Expected","Expecting","ComparisonFailure"]},"testFailureClassname":"java.lang.AssertionError","testFailureMessage":"no such element: Unable to locate element: {\"method\":\"xpath\",\"selector\":\"//span[contains(text(),\u0027Country\u0027)]\"}\n  (Session info: chrome\u003d59.0.3071.115)\n  (Driver info: chromedriver\u003d2.28.455520 (cc17746adff54984afff480136733114c6b3704b),platform\u003dWindows NT 10.0.14393 x86_64) (WARNING: The server did not provide any stacktrace information)\nCommand duration or timeout: 39 milliseconds\nFor documentation on this error, please visit: http://seleniumhq.org/exceptions/no_such_element.html\nBuild info: version: \u00272.53.1\u0027, revision: \u0027a36b8b1cd5757287168e54b817830adce9b0158d\u0027, time: \u00272016-06-30 19:26:09\u0027\nSystem info: host: \u0027ARPANNEE-IN\u0027, ip: \u0027192.168.43.79\u0027, os.name: \u0027Windows 10\u0027, os.arch: \u0027amd64\u0027, os.version: \u002710.0\u0027, java.version: \u00271.8.0_131\u0027\nDriver info: org.openqa.selenium.chrome.ChromeDriver\nCapabilities [{applicationCacheEnabled\u003dfalse, rotatable\u003dfalse, mobileEmulationEnabled\u003dfalse, networkConnectionEnabled\u003dfalse, chrome\u003d{chromedriverVersion\u003d2.28.455520 (cc17746adff54984afff480136733114c6b3704b), userDataDir\u003dC:\\Users\\arpannee\\AppData\\Local\\Temp\\scoped_dir6076_25972}, takesHeapSnapshot\u003dtrue, pageLoadStrategy\u003dnormal, databaseEnabled\u003dfalse, handlesAlerts\u003dtrue, hasTouchScreen\u003dfalse, version\u003d59.0.3071.115, platform\u003dXP, browserConnectionEnabled\u003dfalse, nativeEvents\u003dtrue, acceptSslCerts\u003dtrue, locationContextEnabled\u003dtrue, webStorageEnabled\u003dtrue, browserName\u003dchrome, takesScreenshot\u003dtrue, javascriptEnabled\u003dtrue, cssSelectorsEnabled\u003dtrue, unexpectedAlertBehaviour\u003d}]\nSession ID: 9934b30f1b41f7ced51ac3e9a0062366\n*** Element info: {Using\u003dxpath, value\u003d//span[contains(text(),\u0027Country\u0027)]}\r\nno such element: Unable to locate element: {\"method\":\"xpath\",\"selector\":\"//span[contains(text(),\u0027Country\u0027)]\"}\n  (Session info: chrome\u003d59.0.3071.115)\n  (Driver info: chromedriver\u003d2.28.455520 (cc17746adff54984afff480136733114c6b3704b),platform\u003dWindows NT 10.0.14393 x86_64) (WARNING: The server did not provide any stacktrace information)\nCommand duration or timeout: 39 milliseconds\nFor documentation on this error, please visit: http://seleniumhq.org/exceptions/no_such_element.html\nBuild info: version: \u00272.53.1\u0027, revision: \u0027a36b8b1cd5757287168e54b817830adce9b0158d\u0027, time: \u00272016-06-30 19:26:09\u0027\nSystem info: host: \u0027ARPANNEE-IN\u0027, ip: \u0027192.168.43.79\u0027, os.name: \u0027Windows 10\u0027, os.arch: \u0027amd64\u0027, os.version: \u002710.0\u0027, java.version: \u00271.8.0_131\u0027\nDriver info: org.openqa.selenium.chrome.ChromeDriver\nCapabilities [{applicationCacheEnabled\u003dfalse, rotatable\u003dfalse, mobileEmulationEnabled\u003dfalse, networkConnectionEnabled\u003dfalse, chrome\u003d{chromedriverVersion\u003d2.28.455520 (cc17746adff54984afff480136733114c6b3704b), userDataDir\u003dC:\\Users\\arpannee\\AppData\\Local\\Temp\\scoped_dir6076_25972}, takesHeapSnapshot\u003dtrue, pageLoadStrategy\u003dnormal, databaseEnabled\u003dfalse, handlesAlerts\u003dtrue, hasTouchScreen\u003dfalse, version\u003d59.0.3071.115, platform\u003dXP, browserConnectionEnabled\u003dfalse, nativeEvents\u003dtrue, acceptSslCerts\u003dtrue, locationContextEnabled\u003dtrue, webStorageEnabled\u003dtrue, browserName\u003dchrome, takesScreenshot\u003dtrue, javascriptEnabled\u003dtrue, cssSelectorsEnabled\u003dtrue, unexpectedAlertBehaviour\u003d}]\nSession ID: 9934b30f1b41f7ced51ac3e9a0062366\n*** Element info: {Using\u003dxpath, value\u003d//span[contains(text(),\u0027Country\u0027)]}","annotatedResult":"ERROR","sessionId":"9934b30f1b41f7ced51ac3e9a0062366","driver":"chrome","manual":false,"result":"ERROR"}