{"name":"Test case -Signed-In","testSteps":[{"number":1,"description":"Given User on home page","duration":4794,"startTime":1500057670856,"screenshots":[{"screenshot":"8ed1c3078e7649b47117adc83dc97569.png"}],"result":"SUCCESS","children":[{"number":2,"description":"Is the home page","duration":4433,"startTime":1500057670859,"screenshots":[{"screenshot":"8ed1c3078e7649b47117adc83dc97569.png"}],"result":"SUCCESS"}]},{"number":3,"description":"When User Signed In","duration":3147,"startTime":1500057675650,"screenshots":[{"screenshot":"8ed1c3078e7649b47117adc83dc97569.png"}],"exception":{"errorType":"org.openqa.selenium.NoSuchElementException","message":"Timed out after 2 seconds. Element not found\nFor documentation on this error, please visit: http://seleniumhq.org/exceptions/no_such_element.html\nBuild info: version: \u00272.53.1\u0027, revision: \u0027a36b8b1cd5757287168e54b817830adce9b0158d\u0027, time: \u00272016-06-30 19:26:09\u0027\nSystem info: host: \u0027ARPANNEE-IN\u0027, ip: \u0027192.168.43.79\u0027, os.name: \u0027Windows 10\u0027, os.arch: \u0027amd64\u0027, os.version: \u002710.0\u0027, java.version: \u00271.8.0_131\u0027\nDriver info: driver.version: unknown","stackTrace":[{"declaringClass":"com.bdd.sample.pages.SignedInPage","methodName":"hover_SignIn","fileName":"SignedInPage.java","lineNumber":38},{"declaringClass":"com.bdd.sample.steps.serenity.SignedInSteps","methodName":"is_signin","fileName":"SignedInSteps.java","lineNumber":16},{"declaringClass":"com.bdd.sample.steps2.SignedInDefinition","methodName":"UserSignedIn","fileName":"SignedInDefinition.java","lineNumber":22}],"COLLAPSE_NEW_LINE_HINTS":["AssertionError","Expected","Expecting","ComparisonFailure"]},"result":"ERROR","children":[{"number":4,"description":"Is signin","duration":2790,"startTime":1500057676004,"screenshots":[{"screenshot":"8ed1c3078e7649b47117adc83dc97569.png","htmlSource":"pagesource4621898568966865191.html.txt"}],"exception":{"errorType":"org.openqa.selenium.NoSuchElementException","message":"Timed out after 2 seconds. Element not found\nFor documentation on this error, please visit: http://seleniumhq.org/exceptions/no_such_element.html\nBuild info: version: \u00272.53.1\u0027, revision: \u0027a36b8b1cd5757287168e54b817830adce9b0158d\u0027, time: \u00272016-06-30 19:26:09\u0027\nSystem info: host: \u0027ARPANNEE-IN\u0027, ip: \u0027192.168.43.79\u0027, os.name: \u0027Windows 10\u0027, os.arch: \u0027amd64\u0027, os.version: \u002710.0\u0027, java.version: \u00271.8.0_131\u0027\nDriver info: driver.version: unknown","stackTrace":[{"declaringClass":"com.bdd.sample.pages.SignedInPage","methodName":"hover_SignIn","fileName":"SignedInPage.java","lineNumber":38},{"declaringClass":"com.bdd.sample.steps.serenity.SignedInSteps","methodName":"is_signin","fileName":"SignedInSteps.java","lineNumber":16},{"declaringClass":"com.bdd.sample.steps2.SignedInDefinition","methodName":"UserSignedIn","fileName":"SignedInDefinition.java","lineNumber":22}],"COLLAPSE_NEW_LINE_HINTS":["AssertionError","Expected","Expecting","ComparisonFailure"]},"result":"ERROR"}]},{"number":5,"description":"Then User see the Text \u0027Account\u0027 must be displayed","duration":1,"startTime":1500057678799,"result":"SKIPPED"},{"number":6,"description":"When User Hover Over \u0027Account\u0027","duration":0,"startTime":1500057678802,"result":"SKIPPED"},{"number":7,"description":"Then User see the panel must slide down showing two Account options \u0027Oracle Account\u0027 and \u0027Cloud Account\u0027","duration":1,"startTime":1500057678804,"result":"SKIPPED"},{"number":8,"description":"Then User verify Oracle account must have options:\n［|option           |\n|Sign Out         |\n|Account          |\n|Help             |］","duration":1,"startTime":1500057678808,"result":"SKIPPED"},{"number":9,"description":"Then User verify Cloud account must have only option:\n［|option |\n|Sign in|］","duration":1,"startTime":1500057678811,"result":"SKIPPED"},{"number":10,"description":"Then User Click on Cloud account each links:\n［|Option  |Link             |appropriate page        |\n|Account |Sign in          |Oracle Cloud            |］","duration":0,"startTime":1500057678815,"result":"SKIPPED"},{"number":11,"description":"Then User Click on Oracle account each links:\n［|Option |Link             |appropriate page         |\n|Account|Help             |About Your Oracle Account|\n|Account|Account          |Update Account           |\n|Account|Sign Out         |Single Sign off          |］","duration":0,"startTime":1500057678817,"result":"SKIPPED"}],"userStory":{"id":"e","storyName":"E","path":"stories/consult_dictionary/e.story","narrative":"In order to check Functionality\nAs a n Tester\nI want to verify Global Nav application\neta:@skip","type":"story"},"title":"Test case -Signed-In","tags":[{"name":"Consult dictionary/E","type":"story"},{"name":"Consult dictionary","type":"feature"}],"startTime":1500057670855,"duration":7966,"testFailureCause":{"errorType":"org.openqa.selenium.NoSuchElementException","message":"Timed out after 2 seconds. Element not found\nFor documentation on this error, please visit: http://seleniumhq.org/exceptions/no_such_element.html\nBuild info: version: \u00272.53.1\u0027, revision: \u0027a36b8b1cd5757287168e54b817830adce9b0158d\u0027, time: \u00272016-06-30 19:26:09\u0027\nSystem info: host: \u0027ARPANNEE-IN\u0027, ip: \u0027192.168.43.79\u0027, os.name: \u0027Windows 10\u0027, os.arch: \u0027amd64\u0027, os.version: \u002710.0\u0027, java.version: \u00271.8.0_131\u0027\nDriver info: driver.version: unknown","stackTrace":[{"declaringClass":"com.bdd.sample.pages.SignedInPage","methodName":"hover_SignIn","fileName":"SignedInPage.java","lineNumber":38},{"declaringClass":"com.bdd.sample.steps.serenity.SignedInSteps","methodName":"is_signin","fileName":"SignedInSteps.java","lineNumber":16},{"declaringClass":"com.bdd.sample.steps2.SignedInDefinition","methodName":"UserSignedIn","fileName":"SignedInDefinition.java","lineNumber":22}],"COLLAPSE_NEW_LINE_HINTS":["AssertionError","Expected","Expecting","ComparisonFailure"]},"testFailureClassname":"java.lang.AssertionError","testFailureMessage":"Timed out after 2 seconds. Element not found\nFor documentation on this error, please visit: http://seleniumhq.org/exceptions/no_such_element.html\nBuild info: version: \u00272.53.1\u0027, revision: \u0027a36b8b1cd5757287168e54b817830adce9b0158d\u0027, time: \u00272016-06-30 19:26:09\u0027\nSystem info: host: \u0027ARPANNEE-IN\u0027, ip: \u0027192.168.43.79\u0027, os.name: \u0027Windows 10\u0027, os.arch: \u0027amd64\u0027, os.version: \u002710.0\u0027, java.version: \u00271.8.0_131\u0027\nDriver info: driver.version: unknown\r\nTimed out after 2 seconds. Element not found\nFor documentation on this error, please visit: http://seleniumhq.org/exceptions/no_such_element.html\nBuild info: version: \u00272.53.1\u0027, revision: \u0027a36b8b1cd5757287168e54b817830adce9b0158d\u0027, time: \u00272016-06-30 19:26:09\u0027\nSystem info: host: \u0027ARPANNEE-IN\u0027, ip: \u0027192.168.43.79\u0027, os.name: \u0027Windows 10\u0027, os.arch: \u0027amd64\u0027, os.version: \u002710.0\u0027, java.version: \u00271.8.0_131\u0027\nDriver info: driver.version: unknown","annotatedResult":"ERROR","sessionId":"80734a8e5b38259d3080bc4bc4fb32ba","driver":"chrome","manual":false,"result":"ERROR"}