<acceptance-test-run title="Test case -Signed-In" name="Test case -Signed-In" steps="9" successful="1" failures="0" errors="1" skipped="7" ignored="0" pending="0" annotated-result="ERROR" result="ERROR" duration="7966" timestamp="2017-07-15T00:11:10.855+05:30" session-id="80734a8e5b38259d3080bc4bc4fb32ba">
  <user-story id="e" name="E" path="stories/consult_dictionary/e.story"/>
  <tags>
    <tag name="Consult dictionary" type="feature"/>
    <tag name="Consult dictionary/E" type="story"/>
  </tags>
  <test-group name="Given User on home page" result="SUCCESS">
    <screenshots>
      <screenshot image="8ed1c3078e7649b47117adc83dc97569.png"/>
    </screenshots>
    <test-step result="SUCCESS" duration="4433">
      <screenshots>
        <screenshot image="8ed1c3078e7649b47117adc83dc97569.png"/>
      </screenshots>
      <description>Is the home page</description>
    </test-step>
  </test-group>
  <test-group name="When User Signed In" result="ERROR">
    <screenshots>
      <screenshot image="8ed1c3078e7649b47117adc83dc97569.png"/>
    </screenshots>
    <test-step result="ERROR" duration="2790">
      <screenshots>
        <screenshot image="8ed1c3078e7649b47117adc83dc97569.png" source="pagesource4621898568966865191.html.txt"/>
      </screenshots>
      <description>Is signin</description>
      <error>org.openqa.selenium.NoSuchElementException: Timed out after 2 seconds. Element not found
For documentation on this error, please visit: http://seleniumhq.org/exceptions/no_such_element.html
Build info: version: &apos;2.53.1&apos;, revision: &apos;a36b8b1cd5757287168e54b817830adce9b0158d&apos;, time: &apos;2016-06-30 19:26:09&apos;
System info: host: &apos;ARPANNEE-IN&apos;, ip: &apos;192.168.43.79&apos;, os.name: &apos;Windows 10&apos;, os.arch: &apos;amd64&apos;, os.version: &apos;10.0&apos;, java.version: &apos;1.8.0_131&apos;
Driver info: driver.version: unknown</error>
      <exception>org.openqa.selenium.NoSuchElementException:Timed out after 2 seconds. Element not found
For documentation on this error, please visit: http://seleniumhq.org/exceptions/no_such_element.html
Build info: version: &apos;2.53.1&apos;, revision: &apos;a36b8b1cd5757287168e54b817830adce9b0158d&apos;, time: &apos;2016-06-30 19:26:09&apos;
System info: host: &apos;ARPANNEE-IN&apos;, ip: &apos;192.168.43.79&apos;, os.name: &apos;Windows 10&apos;, os.arch: &apos;amd64&apos;, os.version: &apos;10.0&apos;, java.version: &apos;1.8.0_131&apos;
Driver info: driver.version: unknown&#xd;
[com.bdd.sample.pages.SignedInPage.hover_SignIn(SignedInPage.java:38), com.bdd.sample.steps.serenity.SignedInSteps.is_signin(SignedInSteps.java:16), com.bdd.sample.steps2.SignedInDefinition.UserSignedIn(SignedInDefinition.java:22)]</exception>
    </test-step>
  </test-group>
  <test-step result="SKIPPED" duration="1">
    <description>Then User see the Text &apos;Account&apos; must be displayed</description>
  </test-step>
  <test-step result="SKIPPED" duration="0">
    <description>When User Hover Over &apos;Account&apos;</description>
  </test-step>
  <test-step result="SKIPPED" duration="1">
    <description>Then User see the panel must slide down showing two Account options &apos;Oracle Account&apos; and &apos;Cloud Account&apos;</description>
  </test-step>
  <test-step result="SKIPPED" duration="1">
    <description>Then User verify Oracle account must have options:
［|option           |
|Sign Out         |
|Account          |
|Help             |］</description>
  </test-step>
  <test-step result="SKIPPED" duration="1">
    <description>Then User verify Cloud account must have only option:
［|option |
|Sign in|］</description>
  </test-step>
  <test-step result="SKIPPED" duration="0">
    <description>Then User Click on Cloud account each links:
［|Option  |Link             |appropriate page        |
|Account |Sign in          |Oracle Cloud            |］</description>
  </test-step>
  <test-step result="SKIPPED" duration="0">
    <description>Then User Click on Oracle account each links:
［|Option |Link             |appropriate page         |
|Account|Help             |About Your Oracle Account|
|Account|Account          |Update Account           |
|Account|Sign Out         |Single Sign off          |］</description>
  </test-step>
</acceptance-test-run>