<!DOCTYPE html>
<html xmlns="http://www.w3.org/1999/html">


<head>
    <meta charset="UTF-8"/>
    <title>Requirements</title>
    <link rel="shortcut icon" href="favicon.ico">

<link rel="stylesheet" href="font-awesome/css/font-awesome.min.css">
<!--[if IE 7]>
<link rel="stylesheet" href="font-awesome/css/font-awesome-ie7.min.css">
<![endif]--><!-- JQuery -->
<script type="text/javascript" src="scripts/jquery-1.11.1.min.js"></script><!-- Bootstrap -->
<link href="bootstrap/css/bootstrap.min.css" rel="stylesheet">
<script src="bootstrap/js/bootstrap.min.js"></script><link rel="stylesheet" href="css/core.css"/>
<link rel="stylesheet" href="css/link.css"/>
<link type="text/css" media="screen" href="css/screen.css" rel="Stylesheet"/><!-- JQuery-UI -->
<link type="text/css" href="jqueryui/1.11.2-start/jquery-ui.min.css" rel="Stylesheet" />
<script type="text/javascript" src="jqueryui/1.11.2-start/jquery-ui.min.js"></script><!-- DataTables -->
<link type="text/css" href="datatables/1.10.4/media/jqueryui/dataTables.jqueryui.css" rel="Stylesheet"/>
<link type="text/css" href="css/tables.css" rel="stylesheet" />

<script type="text/javascript" src="datatables/1.10.4/media/js/jquery.dataTables.min.js"></script>
<script type="text/javascript" src="datatables/1.10.4/media/jqueryui/dataTables.jqueryui.min.js"></script><!-- jQplot -->
<!--[if IE]>
<script language="javascript" type="text/javascript" src="excanvas/3/excanvas.compiled.js"></script>
<![endif]--><link rel="stylesheet" type="text/css" href="jqplot/1.0.8/jquery.jqplot.min.css"/>
<script type="text/javascript" src="jqplot/1.0.8/jquery.jqplot.min.js"></script>
<script type="text/javascript" src="jqplot/1.0.8/plugins/jqplot.pieRenderer.min.js"></script>



    <script class="code" type="text/javascript">$(document).ready(function () {
        var plot1 = $.jqplot('coverage_pie_chart', [
            [
                ['Passing', 0.277778],
                ['Pending', 0],
                ['Ignored', 0],
                ['Failing', 0.111111],
                ['Errors',  0.388889],
                ['Compromised Tests',  0],
            ]
        ], {
            gridPadding: {top: 0, bottom: 38, left: 0, right: 0},
            seriesColors: ['#30cb23',
                
                '#a2f2f2',
                
                '#eeeadd',
                
                '#f8001f',
                
                '#fc6e1f',
                'fuchsia'],
            seriesDefaults: {
                renderer: $.jqplot.PieRenderer,
                trendline: {show: false},
                rendererOptions: {padding: 8, showDataLabels: true}
            },
            legend: {
                show: true,
                placement: 'outside',
                rendererOptions: {
                    numberRows: 3
                },
                location: 's',
                marginTop: '15px'
            },
            series: [
                {label: '27.8% requirements tested successfully'},
                {label: '22.2% requirements untested'},
                {label: '11.1%} requirements failing'},
                {label: '38.9%} requirements with errors'},
                {label: '0%} requirements with compromised tests'}
            ]
        });
        // Results table
        $('#test-results-table').DataTable({
            "order": [
                [ 1, "asc" ]
            ],
            "pageLength": 100,
            "lengthMenu": [ [50, 100, 200, -1] , [50, 100, 200, "All"] ]
        });

        // Results table
        $('#req-results-table').DataTable({
            "order": [
                [ 1, "asc" ]
            ],
            "pageLength": 100,
            "lengthMenu": [ [50, 100, 200, -1] , [50, 100, 200, "All"] ]
        });

        $('#examples-table').DataTable({
            "order": [
                [2, "asc"]
            ],
            "pageLength": 25
        });
        $("#tabs").tabs();
        $("#test-tabs").tabs();
    })
    ;
    </script>

    <script type="text/javascript">
        $(document).ready(function () {
            $(".read-more-link").click(function () {
                $(this).nextAll("div.read-more-text").toggle();
                var isrc = $(this).find("img").attr('src');
                if (isrc == 'images/plus.png') {
                    $(this).find("img").attr("src", function () {
                        return "images/minus.png";
                    });
                } else {
                    $(this).find("img").attr("src", function () {
                        return "images/plus.png";
                    });
                }
            });
        });
    </script>
</head>

<body class="results-page">
<div id="topheader">
    <div id="topbanner">
        <div id="logo"><a href="index.html"><img src="images/serenity-bdd-logo.png" border="0"/></a></div>
        <div id="projectname-banner" style="float:right">
            <span class="projectname">Global Nav</span>
        </div>
    </div>
</div>


<div class="middlecontent">
    <div id="contenttop">
        <div class="middlebg">
            <span class="breadcrumbs">
            <a href='index.html'>Home</a>
            </span>
        </div>
        <div class="rightbg"></div>
    </div>

    <div class="clr"></div>

    <!--/* starts second table*/-->

<div>
    <ul class="nav nav-tabs" role="tablist">
        <li >
            <a href="index.html"><i class="fa fa-check-square-o"></i> Overall Test Results</a>
        </li>
        <li class="active">
            <a href="#"><i class="fa fa-book"></i> Requirements</a>
        </li>
        <li >
            <a href="576946480b52ad056d6f5bddf874399c83582ecf90963cc074a14c70580e7d9f.html"><i class="fa fa-comments-o"></i> Features</a>
        </li>
        <li >
            <a href="2a4631d87648e59c428d4cf0e9247f9d286e4679f436ca2ce872e931eb4dfd58.html"><i class="fa fa-comments-o"></i> Stories</a>
        </li>
    </ul>
    <span class="date-and-time"><a href="build-info.html"><i class="fa fa-info-circle"></i></a> Report generated 16-07-2017 20:21</span>
    <br style="clear:left"/>
</div>

    <div class="clr"></div>

    <div id="beforetable"></div>
    <div id="results-dashboard">
        <div class="middlb">
            <div class="table">

                <div id="requirements-summary">
                    <div id="coverage_pie_chart"
                         style="margin-top:10px; margin-left:10px; width:250px; height:250px;"></div>
                    <div id="coverage_summary">
                        <div>
                            <h4>Requirements Overview</h4>
                            <table class="summary-table">
                                <head>
                                    <tr>
                                        <th>Requirement Type</th>
                                        <th>Total</th>
                                        <th>Pass&nbsp;<i class="icon-check"></i></th>
                                        <th>Fail&nbsp;<i class="icon-thumbs-down"></i></th>
                                        <th>Pending&nbsp;<i class="icon-calendar"></i></th>
                                        <th>Ignored&nbsp;<i class="icon-ban-circle"></i></th>
                                        <th>Untested&nbsp;<i class="icon-question"></i></th>
                                    </tr>
                                </head>
                                <body>
                                    <tr>
                                        <td class="summary-leading-column">Features</td>
                                        <td>2</td>
                                        <td>0</td>
                                        <td>1</td>
                                        <td>1</td>
                                        <td>0</td>
                                        <td>1</td>
                                    </tr>
                                    <tr>
                                        <td class="summary-leading-column">Stories</td>
                                        <td>7</td>
                                        <td>5</td>
                                        <td>2</td>
                                        <td>0</td>
                                        <td>0</td>
                                        <td>0</td>
                                    </tr>
                                <tr>
                                    <td class="summary-leading-column">Acceptance Criteria (tests)</td>
                                    <td>14</td>
                                    <td>5</td>
                                    <td>9</td>
                                    <td>0</td>
                                    <td>0</td>
                                    <td></td>
                                </tr>
                                </body>
                            </table>
                        </div>





<div>
    <h4>Test Result Summary</h4>
    <table class="summary-table">
        <head>
            <tr>
                <th>Test Type</th>
                <th>Total</th>
                <th>Pass&nbsp;<i class="icon-check"/> </th>
                <th>Fail&nbsp;<i class="icon-thumbs-down"/></th>
                <th>Pending&nbsp;<i class="icon-calendar"/></th>
                <th>Ignored&nbsp;<i class="icon-ban-circle"/></th>
            </tr>
        </head>
        <body>
        <tr>
            <td class="summary-leading-column">Automated</td>
            <td>14</td>
            <td>5 (36%)</td>
            <td>9 (64%)</td>
            <td>0 (0%)</td>
            <td>0 (0%)</td>
        </tr>
        <tr>
            <td class="summary-leading-column">Manual</td>
            <td>0</td>
            <td>0 (0%)</td>
            <td>0 (0%)</td>
            <td>0 (0%)</td>
            <td>0 (0%)</td>
        </tr>
        <tr>
            <td class="summary-leading-column">Total</td>
            <td>14</td>
            <td>5 (36%)</td>
            <td>9 (14%)</td>
            <td>0 (0%)</td>
            <td>0 (0%)</td>
        </tr>
        <tr>
            <td class="summary-leading-column">Total Duration</td>
                <td colspan="5">7 minutes 40 seconds</td>
        </tr>
        </body>
    </table>
</div>
                    </div>
                </div>
                <div class="clr"></div>

                <div id="tabs">
                        <ul>
                                <li><a href="#tabs-1">
                                Features (2)
                                </a></li>
                        </ul>
                        <div id="tabs-1" class="capabilities-table">
                            <div id="tabs-1" class="capabilities-table">
<div id="req_list_tests" class="table">
    <div class="test-results">
        <table id="req-results-table">
            <thead>
            <tr>
                <th width="30" class="test-results-heading">&nbsp;</th>
                <th width="65" class="test-results-heading">ID</th>
                <th width="525" class="test-results-heading">Feature</th>
                    <th width="65" class="test-results-heading">Stories</th>
                <th class="test-results-heading" width="75px">Auto.<br/>Tests</th>
                <th class="test-results-heading" width="25px"><i class="fa fa-check-square-o"
                                                                 title="Tests passed (automated)"></i>
                </th>
                <th class="test-results-heading" width="25px"><i class="fa fa-square-o"
                                                                 title="Tests skipped or pending (automated)">
                </th>
                <th class="test-results-heading" width="25px"><i class="fa fa-times-circle"
                                                                 title="Tests failed (automated)"></th>
                <th class="test-results-heading" width="25px"><i
                        class="fa fa-exclamation-triangle"
                        title="Tests failed with an error (automated)"></th>
                <th class="test-results-heading" width="25px">
                    <i class="fa fa-chain-broken fa-lg" title="Tests compromised"></i>
                </th>
                    <th class="test-results-heading" width="75px">Manual<br/>Tests</th>
                    <th class="test-results-heading" width="25px"><i class="fa fa-check-square-o"
                                                                     title="Tests passed (manual)"></i>
                    </th>
                    <th class="test-results-heading" width="25px"><i class="fa fa-square-o"
                                                                     title="Tests skipped or pending (manual)">
                    </th>
                    <th class="test-results-heading" width="25px"><i class="fa fa-times-circle"
                                                                     title="Tests failed (manual)"></th>
                    <th class="test-results-heading" width="25px"><i
                            class="fa fa-exclamation-triangle"
                            title="Tests failed with an error (manual)"></th>


                <th width="125px" class="test-results-heading">Coverage</th>
            </tr>
            <tbody>


                <tr class="test-ERROR requirementRow">
                    <td class="requirementRowCell">
                        <span class="status_icon"><i class='fa fa-exclamation-triangle error-icon ' title='ERROR'></i></span>
                        <span style="display:none">4</span>
                    </td>
                    <td class="cardNumber requirementRowCell"></td>

                    <td class="ERROR-text requirementRowCell">
                    <a href="javaScript:void(0)" class="read-more-link">
                    <img src="images/plus.png" height="16"/></a>
                        <span class="requirementName"><a
                                href="33b50c0b8cc27322ea9465979fcbd4011ae3a5bd0f5273164d2f06d588673581.html">Search for definitions</a></span>

                        <div class="requirementNarrative read-more-text">In order to understand a word that I don't know<br>As a user<br>I want to be able to look up the meaning of the word</div>
                    </td>

                        <td class="bluetext requirementRowCell">7</td>


                    <td class="greentext highlighted-value requirementRowCell">14</td>
                    <td class="greentext requirementRowCell">5</td>
                    <td class="bluetext requirementRowCell">0</td>
                    <td class="redtext requirementRowCell">2</td>
                    <td class="lightorangetext requirementRowCell">7</td>
                    <td class="violettext requirementRowCell">0</td>
                        <td class="greentext highlighted-value requirementRowCell">0</td>
                        <td class="greentext requirementRowCell">0</td>
                        <td class="bluetext requirementRowCell">0</td>
                        <td class="redtext requirementRowCell">0</td>
                        <td class="lightorangetext requirementRowCell">0</td>

                    <td width="125px" class="lightgreentext requirementRowCell">

                        <table>
                            <tr>
                                <td width="40px">
                                    <div class="small">35.7%</div>
                                </td>
                                <td width="125px">
                                    <div class="percentagebar"
                                         title="Search for definitions
Tests implemented: 14
  - Passing tests: 5 (35.7% of specified requirements)
  - Failing tests: 2 (14.3% of specified requirements)
  - Tests with errors: 7 (50% of specified requirements)
  - Compromised tests 0 (0% of specified requirements)

Tests not implemented or not executed: 0
  - Pending tests: 0 (0% of specified requirements)
  - Ignored or skipped tests: 0 (0% of specified requirements)

Requirements specified:     8
Requirements with no tests: 0


Estimated unimplemented tests: 0
Estimated unimplemented or pending requirements: 0%
Estimated ignored or skipped requirements: 0%"
                                         style="width: 125px;">
                                        <div class="ignoredbar"
                                             style="width: 125px;"
                                             title="Search for definitions
Tests implemented: 14
  - Passing tests: 5 (35.7% of specified requirements)
  - Failing tests: 2 (14.3% of specified requirements)
  - Tests with errors: 7 (50% of specified requirements)
  - Compromised tests 0 (0% of specified requirements)

Tests not implemented or not executed: 0
  - Pending tests: 0 (0% of specified requirements)
  - Ignored or skipped tests: 0 (0% of specified requirements)

Requirements specified:     8
Requirements with no tests: 0


Estimated unimplemented tests: 0
Estimated unimplemented or pending requirements: 0%
Estimated ignored or skipped requirements: 0%">
                                            <div class="compromisedbar"
                                                 style="width: 125px;"
                                                 title="Search for definitions
Tests implemented: 14
  - Passing tests: 5 (35.7% of specified requirements)
  - Failing tests: 2 (14.3% of specified requirements)
  - Tests with errors: 7 (50% of specified requirements)
  - Compromised tests 0 (0% of specified requirements)

Tests not implemented or not executed: 0
  - Pending tests: 0 (0% of specified requirements)
  - Ignored or skipped tests: 0 (0% of specified requirements)

Requirements specified:     8
Requirements with no tests: 0


Estimated unimplemented tests: 0
Estimated unimplemented or pending requirements: 0%
Estimated ignored or skipped requirements: 0%">
                                                <div class="errorbar"
                                                     style="width: 125px;"
                                                     title="Search for definitions
Tests implemented: 14
  - Passing tests: 5 (35.7% of specified requirements)
  - Failing tests: 2 (14.3% of specified requirements)
  - Tests with errors: 7 (50% of specified requirements)
  - Compromised tests 0 (0% of specified requirements)

Tests not implemented or not executed: 0
  - Pending tests: 0 (0% of specified requirements)
  - Ignored or skipped tests: 0 (0% of specified requirements)

Requirements specified:     8
Requirements with no tests: 0


Estimated unimplemented tests: 0
Estimated unimplemented or pending requirements: 0%
Estimated ignored or skipped requirements: 0%">
                                                    <div class="failingbar"
                                                         style="width: 62px;"
                                                         title="Search for definitions
Tests implemented: 14
  - Passing tests: 5 (35.7% of specified requirements)
  - Failing tests: 2 (14.3% of specified requirements)
  - Tests with errors: 7 (50% of specified requirements)
  - Compromised tests 0 (0% of specified requirements)

Tests not implemented or not executed: 0
  - Pending tests: 0 (0% of specified requirements)
  - Ignored or skipped tests: 0 (0% of specified requirements)

Requirements specified:     8
Requirements with no tests: 0


Estimated unimplemented tests: 0
Estimated unimplemented or pending requirements: 0%
Estimated ignored or skipped requirements: 0%">
                                                        <div class="passingbar"
                                                             style="width: 45px;"
                                                             title="Search for definitions
Tests implemented: 14
  - Passing tests: 5 (35.7% of specified requirements)
  - Failing tests: 2 (14.3% of specified requirements)
  - Tests with errors: 7 (50% of specified requirements)
  - Compromised tests 0 (0% of specified requirements)

Tests not implemented or not executed: 0
  - Pending tests: 0 (0% of specified requirements)
  - Ignored or skipped tests: 0 (0% of specified requirements)

Requirements specified:     8
Requirements with no tests: 0


Estimated unimplemented tests: 0
Estimated unimplemented or pending requirements: 0%
Estimated ignored or skipped requirements: 0%">
                                                        </div>
                                                    </div>
                                                </div>
                                            </div>
                                        </div>
                                    </div>
                                </td>
                            </tr>
                        </table>
                    </td>

                </tr>

                <tr class="test-SUCCESS requirementRow">
                    <td class="requirementRowCell">
                        <span class="status_icon"><i class='fa fa-check-square-o success-icon ' title='SUCCESS'></i></span>
                        <span style="display:none">1</span>
                    </td>
                    <td class="cardNumber requirementRowCell"></td>

                    <td class="SUCCESS-text requirementRowCell">
                    <a href="javaScript:void(0)" class="read-more-link">
                    <img src="images/plus.png" height="16"/></a>
                        <span class="requirementName"><a
                                href="a91bb527e6fdb12dc49d82a0e861a43812cb43713e56a5a7109aa1d2b2f3e902.html">Update definition</a></span>

                        <div class="requirementNarrative read-more-text">In order to keep the dictionary definitions up to date and accurate<br>As the dictionary maintainer<br>I want to be able to update definitions in the dictionary</div>
                    </td>

                        <td class="bluetext requirementRowCell">0</td>


                    <td class="greentext highlighted-value requirementRowCell">0</td>
                    <td class="greentext requirementRowCell">0</td>
                    <td class="bluetext requirementRowCell">0</td>
                    <td class="redtext requirementRowCell">0</td>
                    <td class="lightorangetext requirementRowCell">0</td>
                    <td class="violettext requirementRowCell">0</td>
                        <td class="greentext highlighted-value requirementRowCell">0</td>
                        <td class="greentext requirementRowCell">0</td>
                        <td class="bluetext requirementRowCell">0</td>
                        <td class="redtext requirementRowCell">0</td>
                        <td class="lightorangetext requirementRowCell">0</td>

                    <td width="125px" class="lightgreentext requirementRowCell">

                        <table>
                            <tr>
                                <td width="40px">
                                    <div class="small">0%</div>
                                </td>
                                <td width="125px">
                                    <div class="percentagebar"
                                         title="Update definition
Tests implemented: 0
  - Passing tests: 0 (0% of specified requirements)
  - Failing tests: 0 (0% of specified requirements)
  - Tests with errors: 0 (0% of specified requirements)
  - Compromised tests 0 (0% of specified requirements)

Tests not implemented or not executed: 0
  - Pending tests: 0 (0% of specified requirements)
  - Ignored or skipped tests: 0 (0% of specified requirements)

Requirements specified:     1
Requirements with no tests: 1


Estimated unimplemented tests: 4
Estimated unimplemented or pending requirements: 0%
Estimated ignored or skipped requirements: 0%"
                                         style="width: 125px;">
                                        <div class="ignoredbar"
                                             style="width: 0px;"
                                             title="Update definition
Tests implemented: 0
  - Passing tests: 0 (0% of specified requirements)
  - Failing tests: 0 (0% of specified requirements)
  - Tests with errors: 0 (0% of specified requirements)
  - Compromised tests 0 (0% of specified requirements)

Tests not implemented or not executed: 0
  - Pending tests: 0 (0% of specified requirements)
  - Ignored or skipped tests: 0 (0% of specified requirements)

Requirements specified:     1
Requirements with no tests: 1


Estimated unimplemented tests: 4
Estimated unimplemented or pending requirements: 0%
Estimated ignored or skipped requirements: 0%">
                                            <div class="compromisedbar"
                                                 style="width: 0px;"
                                                 title="Update definition
Tests implemented: 0
  - Passing tests: 0 (0% of specified requirements)
  - Failing tests: 0 (0% of specified requirements)
  - Tests with errors: 0 (0% of specified requirements)
  - Compromised tests 0 (0% of specified requirements)

Tests not implemented or not executed: 0
  - Pending tests: 0 (0% of specified requirements)
  - Ignored or skipped tests: 0 (0% of specified requirements)

Requirements specified:     1
Requirements with no tests: 1


Estimated unimplemented tests: 4
Estimated unimplemented or pending requirements: 0%
Estimated ignored or skipped requirements: 0%">
                                                <div class="errorbar"
                                                     style="width: 0px;"
                                                     title="Update definition
Tests implemented: 0
  - Passing tests: 0 (0% of specified requirements)
  - Failing tests: 0 (0% of specified requirements)
  - Tests with errors: 0 (0% of specified requirements)
  - Compromised tests 0 (0% of specified requirements)

Tests not implemented or not executed: 0
  - Pending tests: 0 (0% of specified requirements)
  - Ignored or skipped tests: 0 (0% of specified requirements)

Requirements specified:     1
Requirements with no tests: 1


Estimated unimplemented tests: 4
Estimated unimplemented or pending requirements: 0%
Estimated ignored or skipped requirements: 0%">
                                                    <div class="failingbar"
                                                         style="width: 0px;"
                                                         title="Update definition
Tests implemented: 0
  - Passing tests: 0 (0% of specified requirements)
  - Failing tests: 0 (0% of specified requirements)
  - Tests with errors: 0 (0% of specified requirements)
  - Compromised tests 0 (0% of specified requirements)

Tests not implemented or not executed: 0
  - Pending tests: 0 (0% of specified requirements)
  - Ignored or skipped tests: 0 (0% of specified requirements)

Requirements specified:     1
Requirements with no tests: 1


Estimated unimplemented tests: 4
Estimated unimplemented or pending requirements: 0%
Estimated ignored or skipped requirements: 0%">
                                                        <div class="passingbar"
                                                             style="width: 0px;"
                                                             title="Update definition
Tests implemented: 0
  - Passing tests: 0 (0% of specified requirements)
  - Failing tests: 0 (0% of specified requirements)
  - Tests with errors: 0 (0% of specified requirements)
  - Compromised tests 0 (0% of specified requirements)

Tests not implemented or not executed: 0
  - Pending tests: 0 (0% of specified requirements)
  - Ignored or skipped tests: 0 (0% of specified requirements)

Requirements specified:     1
Requirements with no tests: 1


Estimated unimplemented tests: 4
Estimated unimplemented or pending requirements: 0%
Estimated ignored or skipped requirements: 0%">
                                                        </div>
                                                    </div>
                                                </div>
                                            </div>
                                        </div>
                                    </div>
                                </td>
                            </tr>
                        </table>
                    </td>

                </tr>
            </tbody>
        </table>
    </div>
</div>

                            </div>
                        </div>
<table>
    <tr>
        <td>
            <div><h3>Acceptance Criteria</h3></div>
            <div id="test_list_tests" class="table">
                <div class="test-results">
                    <table id="test-results-table">
                        <thead>
                        <tr>
                            <th width="50" class="test-results-heading">&nbsp;</th>
                            <th width="%" class="test-results-heading">Tests</th>
                            <th width="70" class="test-results-heading">Steps</th>

                            <th width="100" class="test-results-heading">Duration<br>(seconds)</th>
                        </tr>
                        </thead>
                        <tbody>

                            <tr class="test-SUCCESS">
                                <td><span class="summary-icon"><i class='fa fa-check-square-o success-icon ' title='SUCCESS'></i></span>
                                    
                                    <span style="display:none">SUCCESS</span></td>
                                <td class="SUCCESS-text">
                                    <div class="ellipsis">
                                    <a href="e2e2afe3b5d219c265005122596114a96546b0cf3e89e861ea3014d3a03695d9.html" class="ellipsis" title="">
                                    Test case -Accelerator 
                                    </a></div>
                                </td>

                                <td class="lightgreentext">12</td>


                                <td class="lightgreentext">30.95</td>
                            </tr>

                            <tr class="test-ERROR">
                                <td><span class="summary-icon"><i class='fa fa-exclamation-triangle error-icon ' title='ERROR'></i></span>
                                    
                                    <span style="display:none">ERROR</span></td>
                                <td class="ERROR-text">
                                    <div class="ellipsis">
                                    <a href="773a26cb4dbb5841a1d14afe311407a5557aa64f3bd359997bc25646f5b07579.html" class="ellipsis" title="No such element exception: no such element: Unable to locate element: {'method':'xpath','selector':'//span[contains(text(),'Country')]'}  (Session info: chrome=59.0.3071.115)  (Driver info: chromedriver=2.28.455520 (cc17746adff54984afff480136733114c6b3704b),platform=Windows NT 10.0.14393 x86_64) (WARNING: The server did not provide any stacktrace information)Command duration or timeout: 39 millisecondsFor documentation on this error, please visit: http://seleniumhq.org/exceptionso_such_element.htmlBuild info: version: '2.53.1', revision: 'a36b8b1cd5757287168e54b817830adce9b0158d', time: '2016-06-30 19:26:09'System info: host: 'ARPANNEE-IN', ip: '192.168.43.79', os.name: 'Windows 10', os.arch: 'amd64', os.version: '10.0', java.version: '1.8.0_131'Driver info: org.openqa.selenium.chrome.ChromeDriverCapabilities [{applicationCacheEnabled=false, rotatable=false, mobileEmulationEnabled=false, networkConnectionEnabled=false, chrome={chromedriverVersion=2.28.455520 (cc17746adff54984afff480136733114c6b3704b), userDataDir=C:\Users\arpannee\AppData\Local\Temp\scoped_dir6076_25972}, takesHeapSnapshot=true, pageLoadStrategy=normal, databaseEnabled=false, handlesAlerts=true, hasTouchScreen=false, version=59.0.3071.115, platform=XP, browserConnectionEnabled=false, nativeEvents=true, acceptSslCerts=true, locationContextEnabled=true, webStorageEnabled=true, browserName=chrome, takesScreenshot=true, javascriptEnabled=true, cssSelectorsEnabled=true, unexpectedAlertBehaviour=}]Session ID: 9934b30f1b41f7ced51ac3e9a0062366*** Element info: {Using=xpath, value=//span[contains(text(),'Country')]}">
                                    Test case -Country List 
                                    </a></div>
                                </td>

                                <td class="lightgreentext">5</td>


                                <td class="lightgreentext">6.01</td>
                            </tr>

                            <tr class="test-SUCCESS">
                                <td><span class="summary-icon"><i class='fa fa-check-square-o success-icon ' title='SUCCESS'></i></span>
                                    
                                    <span style="display:none">SUCCESS</span></td>
                                <td class="SUCCESS-text">
                                    <div class="ellipsis">
                                    <a href="d64e19d4969149d0afd9f386e0634d515ba3b2095caa3c2571641391d38aa08a.html" class="ellipsis" title="">
                                    Test case -Country List 
                                    </a></div>
                                </td>

                                <td class="lightgreentext">7</td>


                                <td class="lightgreentext">27.72</td>
                            </tr>

                            <tr class="test-ERROR">
                                <td><span class="summary-icon"><i class='fa fa-exclamation-triangle error-icon ' title='ERROR'></i></span>
                                    
                                    <span style="display:none">ERROR</span></td>
                                <td class="ERROR-text">
                                    <div class="ellipsis">
                                    <a href="67d80cc43b5ce2bf7355cf97c32a3ab4e28f2b0cb701d9a3a8483deaf9f9f013.html" class="ellipsis" title="No such element exception: Timed out after 2 seconds. Element not found">
                                    Test case -Global Nav (Accelerator) 
                                    </a></div>
                                </td>

                                <td class="lightgreentext">6</td>


                                <td class="lightgreentext">16.54</td>
                            </tr>

                            <tr class="test-ERROR">
                                <td><span class="summary-icon"><i class='fa fa-exclamation-triangle error-icon ' title='ERROR'></i></span>
                                    
                                    <span style="display:none">ERROR</span></td>
                                <td class="ERROR-text">
                                    <div class="ellipsis">
                                    <a href="58f137e8eac93a1a1e37420368b70ed037b8fb267decb8b29f036ca7bda9b320.html" class="ellipsis" title="No such element exception: no such element: Unable to locate element: {'method':'xpath','selector':'//div[@class='u02menu']/div/div/a'}  (Session info: chrome=59.0.3071.115)  (Driver info: chromedriver=2.28.455520 (cc17746adff54984afff480136733114c6b3704b),platform=Windows NT 10.0.14393 x86_64) (WARNING: The server did not provide any stacktrace information)Command duration or timeout: 18 millisecondsFor documentation on this error, please visit: http://seleniumhq.org/exceptionso_such_element.htmlBuild info: version: '2.53.1', revision: 'a36b8b1cd5757287168e54b817830adce9b0158d', time: '2016-06-30 19:26:09'System info: host: 'ARPANNEE-IN', ip: '192.168.43.79', os.name: 'Windows 10', os.arch: 'amd64', os.version: '10.0', java.version: '1.8.0_131'Driver info: org.openqa.selenium.chrome.ChromeDriverCapabilities [{applicationCacheEnabled=false, rotatable=false, mobileEmulationEnabled=false, networkConnectionEnabled=false, chrome={chromedriverVersion=2.28.455520 (cc17746adff54984afff480136733114c6b3704b), userDataDir=C:\Users\arpannee\AppData\Local\Temp\scoped_dir21888_20236}, takesHeapSnapshot=true, pageLoadStrategy=normal, databaseEnabled=false, handlesAlerts=true, hasTouchScreen=false, version=59.0.3071.115, platform=XP, browserConnectionEnabled=false, nativeEvents=true, acceptSslCerts=true, locationContextEnabled=true, webStorageEnabled=true, browserName=chrome, takesScreenshot=true, javascriptEnabled=true, cssSelectorsEnabled=true, unexpectedAlertBehaviour=}]Session ID: f085e91463e54cb9070eb07786aa0d23*** Element info: {Using=xpath, value=//div[@class='u02menu']/div/div/a}">
                                    Test case -Global Nav (Menu) 
                                    </a></div>
                                </td>

                                <td class="lightgreentext">6</td>


                                <td class="lightgreentext">12.26</td>
                            </tr>

                            <tr class="test-SUCCESS">
                                <td><span class="summary-icon"><i class='fa fa-check-square-o success-icon ' title='SUCCESS'></i></span>
                                    
                                    <span style="display:none">SUCCESS</span></td>
                                <td class="SUCCESS-text">
                                    <div class="ellipsis">
                                    <a href="f489e7ca9a175c335321a37fc3b4fcc208a65da45eafcfee8af523d29ce8faf5.html" class="ellipsis" title="">
                                    Test case -Menu 
                                    </a></div>
                                </td>

                                <td class="lightgreentext">11</td>


                                <td class="lightgreentext">30.41</td>
                            </tr>

                            <tr class="test-FAILURE">
                                <td><span class="summary-icon"><i class='fa fa-times-circle failure-icon ' title='FAILURE'></i></span>
                                    
                                    <span style="display:none">FAILURE</span></td>
                                <td class="FAILURE-text">
                                    <div class="ellipsis">
                                    <a href="1ad031a540d2d89e93b895106511fa4bb27b74d1137449a6e41c682fdc6b613a.html" class="ellipsis" title="Assertion error">
                                    Test case -Not Signed-In 
                                    </a></div>
                                </td>

                                <td class="lightgreentext">17</td>


                                <td class="lightgreentext">25.7</td>
                            </tr>

                            <tr class="test-ERROR">
                                <td><span class="summary-icon"><i class='fa fa-exclamation-triangle error-icon ' title='ERROR'></i></span>
                                    
                                    <span style="display:none">ERROR</span></td>
                                <td class="ERROR-text">
                                    <div class="ellipsis">
                                    <a href="f1e60facf4a49968aec7dbda29b50abfe174ccaf11b96a5b405af700b523d0da.html" class="ellipsis" title="No such element exception: Timed out after 2 seconds. Element not found">
                                    Test case -Not Signed-In 
                                    </a></div>
                                </td>

                                <td class="lightgreentext">11</td>


                                <td class="lightgreentext">8.85</td>
                            </tr>

                            <tr class="test-ERROR">
                                <td><span class="summary-icon"><i class='fa fa-exclamation-triangle error-icon ' title='ERROR'></i></span>
                                    
                                    <span style="display:none">ERROR</span></td>
                                <td class="ERROR-text">
                                    <div class="ellipsis">
                                    <a href="5ed930bc74f431833b09e3be06d58854cbb885f5cddaa19f4d66577ecb69af47.html" class="ellipsis" title="No such element exception: Timed out after 2 seconds. Element not found">
                                    Test case -Search Autosuggest 
                                    </a></div>
                                </td>

                                <td class="lightgreentext">8</td>


                                <td class="lightgreentext">10.47</td>
                            </tr>

                            <tr class="test-SUCCESS">
                                <td><span class="summary-icon"><i class='fa fa-check-square-o success-icon ' title='SUCCESS'></i></span>
                                    
                                    <span style="display:none">SUCCESS</span></td>
                                <td class="SUCCESS-text">
                                    <div class="ellipsis">
                                    <a href="aa27dd48c330b23496edd585ea834714a9b691b8def4e10b50d55e6c3f50a9a7.html" class="ellipsis" title="">
                                    Test case -Search Autosuggestion 
                                    </a></div>
                                </td>

                                <td class="lightgreentext">20</td>


                                <td class="lightgreentext">56.76</td>
                            </tr>

                            <tr class="test-ERROR">
                                <td><span class="summary-icon"><i class='fa fa-exclamation-triangle error-icon ' title='ERROR'></i></span>
                                    
                                    <span style="display:none">ERROR</span></td>
                                <td class="ERROR-text">
                                    <div class="ellipsis">
                                    <a href="2164f396842cac25467b70bc34b716266929d61862b624bcb3a4e88ac44da7d7.html" class="ellipsis" title="No such element exception: Timed out after 2 seconds. Element not found">
                                    Test case -Search Box 
                                    </a></div>
                                </td>

                                <td class="lightgreentext">7</td>


                                <td class="lightgreentext">11.63</td>
                            </tr>

                            <tr class="test-SUCCESS">
                                <td><span class="summary-icon"><i class='fa fa-check-square-o success-icon ' title='SUCCESS'></i></span>
                                    
                                    <span style="display:none">SUCCESS</span></td>
                                <td class="SUCCESS-text">
                                    <div class="ellipsis">
                                    <a href="990893a93e50040d3988453b990be348f2ab04304eec16c80d42f211aaa3e8a1.html" class="ellipsis" title="">
                                    Test case -Search Box 
                                    </a></div>
                                </td>

                                <td class="lightgreentext">14</td>


                                <td class="lightgreentext">40.34</td>
                            </tr>

                            <tr class="test-ERROR">
                                <td><span class="summary-icon"><i class='fa fa-exclamation-triangle error-icon ' title='ERROR'></i></span>
                                    
                                    <span style="display:none">ERROR</span></td>
                                <td class="ERROR-text">
                                    <div class="ellipsis">
                                    <a href="8ac87033870537973662c5b3bf121d4be74b9325a3374609ab1be3e78566fcb3.html" class="ellipsis" title="No such element exception: Timed out after 2 seconds. Element not found">
                                    Test case -Signed-In 
                                    </a></div>
                                </td>

                                <td class="lightgreentext">11</td>


                                <td class="lightgreentext">7.97</td>
                            </tr>

                            <tr class="test-FAILURE">
                                <td><span class="summary-icon"><i class='fa fa-times-circle failure-icon ' title='FAILURE'></i></span>
                                    
                                    <span style="display:none">FAILURE</span></td>
                                <td class="FAILURE-text">
                                    <div class="ellipsis">
                                    <a href="dca51a2ad97f7e747251b2a80eedacb1acc7e602fd78197c3b533c0ab634dcf4.html" class="ellipsis" title="Assertion error">
                                    Test case -Signed-In 
                                    </a></div>
                                </td>

                                <td class="lightgreentext">24</td>


                                <td class="lightgreentext">175.09</td>
                            </tr>
                        </tbody>
                    </table>
                </div>
            </div>
        </td>
    </tr>
</table>
</div>
                </div>
            </div>
        </div>
    </div>
</div>
</div>
</div>
<div id="bottomfooter">
    <span class="version">Serenity BDD version 1.1.36</span>
</div>
</body>
</html>
