{"name":"Test case -Not Signed-In","testSteps":[{"number":1,"description":"Given User on home page","duration":5702,"startTime":1500057692489,"screenshots":[{"screenshot":"8ed1c3078e7649b47117adc83dc97569.png"}],"result":"SUCCESS","children":[{"number":2,"description":"Is the home page","duration":5353,"startTime":1500057692492,"screenshots":[{"screenshot":"8ed1c3078e7649b47117adc83dc97569.png"}],"result":"SUCCESS"}]},{"number":3,"description":"When User Not signed In","duration":3131,"startTime":1500057698191,"screenshots":[{"screenshot":"8ed1c3078e7649b47117adc83dc97569.png"}],"exception":{"errorType":"org.openqa.selenium.NoSuchElementException","message":"Timed out after 2 seconds. Element not found\nFor documentation on this error, please visit: http://seleniumhq.org/exceptions/no_such_element.html\nBuild info: version: \u00272.53.1\u0027, revision: \u0027a36b8b1cd5757287168e54b817830adce9b0158d\u0027, time: \u00272016-06-30 19:26:09\u0027\nSystem info: host: \u0027ARPANNEE-IN\u0027, ip: \u0027192.168.43.79\u0027, os.name: \u0027Windows 10\u0027, os.arch: \u0027amd64\u0027, os.version: \u002710.0\u0027, java.version: \u00271.8.0_131\u0027\nDriver info: driver.version: unknown","stackTrace":[{"declaringClass":"com.bdd.sample.pages.NotSignedInPage","methodName":"Not_signIn","fileName":"NotSignedInPage.java","lineNumber":28},{"declaringClass":"com.bdd.sample.steps.serenity.NotSignedInStep","methodName":"is_not_signin","fileName":"NotSignedInStep.java","lineNumber":18},{"declaringClass":"com.bdd.sample.steps2.NotSignedInDefinition","methodName":"UserNotsignedIn","fileName":"NotSignedInDefinition.java","lineNumber":22}],"COLLAPSE_NEW_LINE_HINTS":["AssertionError","Expected","Expecting","ComparisonFailure"]},"result":"ERROR","children":[{"number":4,"description":"Is not signin","duration":2778,"startTime":1500057698539,"screenshots":[{"screenshot":"8ed1c3078e7649b47117adc83dc97569.png","htmlSource":"pagesource934906735531679258.html.txt"}],"exception":{"errorType":"org.openqa.selenium.NoSuchElementException","message":"Timed out after 2 seconds. Element not found\nFor documentation on this error, please visit: http://seleniumhq.org/exceptions/no_such_element.html\nBuild info: version: \u00272.53.1\u0027, revision: \u0027a36b8b1cd5757287168e54b817830adce9b0158d\u0027, time: \u00272016-06-30 19:26:09\u0027\nSystem info: host: \u0027ARPANNEE-IN\u0027, ip: \u0027192.168.43.79\u0027, os.name: \u0027Windows 10\u0027, os.arch: \u0027amd64\u0027, os.version: \u002710.0\u0027, java.version: \u00271.8.0_131\u0027\nDriver info: driver.version: unknown","stackTrace":[{"declaringClass":"com.bdd.sample.pages.NotSignedInPage","methodName":"Not_signIn","fileName":"NotSignedInPage.java","lineNumber":28},{"declaringClass":"com.bdd.sample.steps.serenity.NotSignedInStep","methodName":"is_not_signin","fileName":"NotSignedInStep.java","lineNumber":18},{"declaringClass":"com.bdd.sample.steps2.NotSignedInDefinition","methodName":"UserNotsignedIn","fileName":"NotSignedInDefinition.java","lineNumber":22}],"COLLAPSE_NEW_LINE_HINTS":["AssertionError","Expected","Expecting","ComparisonFailure"]},"result":"ERROR"}]},{"number":5,"description":"Then User see the text \u0027Sign In\u0027 must be displayed","duration":0,"startTime":1500057701323,"result":"SKIPPED"},{"number":6,"description":"When User Hover over \u0027Sign In\u0027","duration":0,"startTime":1500057701325,"result":"SKIPPED"},{"number":7,"description":"Then User see the panel must slide down showing two account options \u0027Oracle Account\u0027 and \u0027Cloud Account\u0027","duration":1,"startTime":1500057701327,"result":"SKIPPED"},{"number":8,"description":"Then User verify Oracle Account must have options:\n［|option           |\n|Sign in          |\n|Create an account|\n|Help             |］","duration":0,"startTime":1500057701330,"result":"SKIPPED"},{"number":9,"description":"Then User verify Cloud Account must have only option:\n［|option |\n|Sign in|］","duration":1,"startTime":1500057701332,"result":"SKIPPED"},{"number":10,"description":"Then User Click on Oracle Account each links:\n［|Option |Link             |appropriate page         |\n|Sign In|Sign in          |Single Sign On - Login   |\n|Sign In|Create an account|Create Account           |\n|Account|Help             |About Your Oracle Account|］","duration":0,"startTime":1500057701335,"result":"SKIPPED"},{"number":11,"description":"Then User Click on Cloud Account each links:\n［|Option  |Link             |appropriate page        |\n|Sign In |Sign in          |Oracle Cloud            |］","duration":1,"startTime":1500057701338,"result":"SKIPPED"}],"userStory":{"id":"f","storyName":"F","path":"stories/consult_dictionary/f.story","narrative":"In order to check Functionality\nAs a n Tester\nI want to verify Global Nav application\neta:@skip","type":"story"},"title":"Test case -Not Signed-In","tags":[{"name":"Consult dictionary/F","type":"story"},{"name":"Consult dictionary","type":"feature"}],"startTime":1500057692489,"duration":8853,"testFailureCause":{"errorType":"org.openqa.selenium.NoSuchElementException","message":"Timed out after 2 seconds. Element not found\nFor documentation on this error, please visit: http://seleniumhq.org/exceptions/no_such_element.html\nBuild info: version: \u00272.53.1\u0027, revision: \u0027a36b8b1cd5757287168e54b817830adce9b0158d\u0027, time: \u00272016-06-30 19:26:09\u0027\nSystem info: host: \u0027ARPANNEE-IN\u0027, ip: \u0027192.168.43.79\u0027, os.name: \u0027Windows 10\u0027, os.arch: \u0027amd64\u0027, os.version: \u002710.0\u0027, java.version: \u00271.8.0_131\u0027\nDriver info: driver.version: unknown","stackTrace":[{"declaringClass":"com.bdd.sample.pages.NotSignedInPage","methodName":"Not_signIn","fileName":"NotSignedInPage.java","lineNumber":28},{"declaringClass":"com.bdd.sample.steps.serenity.NotSignedInStep","methodName":"is_not_signin","fileName":"NotSignedInStep.java","lineNumber":18},{"declaringClass":"com.bdd.sample.steps2.NotSignedInDefinition","methodName":"UserNotsignedIn","fileName":"NotSignedInDefinition.java","lineNumber":22}],"COLLAPSE_NEW_LINE_HINTS":["AssertionError","Expected","Expecting","ComparisonFailure"]},"testFailureClassname":"java.lang.AssertionError","testFailureMessage":"Timed out after 2 seconds. Element not found\nFor documentation on this error, please visit: http://seleniumhq.org/exceptions/no_such_element.html\nBuild info: version: \u00272.53.1\u0027, revision: \u0027a36b8b1cd5757287168e54b817830adce9b0158d\u0027, time: \u00272016-06-30 19:26:09\u0027\nSystem info: host: \u0027ARPANNEE-IN\u0027, ip: \u0027192.168.43.79\u0027, os.name: \u0027Windows 10\u0027, os.arch: \u0027amd64\u0027, os.version: \u002710.0\u0027, java.version: \u00271.8.0_131\u0027\nDriver info: driver.version: unknown\r\nTimed out after 2 seconds. Element not found\nFor documentation on this error, please visit: http://seleniumhq.org/exceptions/no_such_element.html\nBuild info: version: \u00272.53.1\u0027, revision: \u0027a36b8b1cd5757287168e54b817830adce9b0158d\u0027, time: \u00272016-06-30 19:26:09\u0027\nSystem info: host: \u0027ARPANNEE-IN\u0027, ip: \u0027192.168.43.79\u0027, os.name: \u0027Windows 10\u0027, os.arch: \u0027amd64\u0027, os.version: \u002710.0\u0027, java.version: \u00271.8.0_131\u0027\nDriver info: driver.version: unknown","annotatedResult":"ERROR","sessionId":"6a2b1745c74a8171e11190d52c73bac9","driver":"chrome","manual":false,"result":"ERROR"}