{"name":"Test case -Not Signed-In","id":"stories/Global_Nav/NotSignedIn.story;Test case -Not Signed-In","testSteps":[{"number":1,"description":"Given User on home page","duration":0,"startTime":1534512627214,"precondition":false,"children":[{"number":2,"description":"Is the home page","duration":47607,"startTime":1534512627219,"exception":{"errorType":"net.thucydides.core.webdriver.UnsupportedDriverException","message":"Could not instantiate class org.openqa.selenium.firefox.FirefoxDriver","stackTrace":[{"declaringClass":"com.bdd.sample.pages.DictionaryPage","methodName":"home_page","fileName":"DictionaryPage.java","lineNumber":55},{"declaringClass":"com.bdd.sample.steps.serenity.EndUserSteps","methodName":"is_the_home_page","fileName":"EndUserSteps.java","lineNumber":20},{"declaringClass":"com.bdd.sample.steps2.DefinitionSteps","methodName":"Useronhomepage","fileName":"DefinitionSteps.java","lineNumber":26}]},"result":"ERROR","precondition":false},{"number":3,"description":"When User Not signed In","duration":1,"startTime":1534512674827,"result":"SKIPPED","precondition":false},{"number":4,"description":"Then User see the text \u0027Sign In\u0027 must be displayed","duration":0,"startTime":1534512674829,"result":"SKIPPED","precondition":false},{"number":5,"description":"When User Hover over \u0027Sign In\u0027","duration":0,"startTime":1534512674831,"result":"SKIPPED","precondition":false},{"number":6,"description":"Then User see the panel must slide down showing two account options \u0027Oracle Account\u0027 and \u0027Cloud Account\u0027","duration":0,"startTime":1534512674833,"result":"SKIPPED","precondition":false},{"number":7,"description":"Then User verify Oracle Account must have options:\n［|option           |\n|Sign in          |\n|Create an account|\n|Help             |］","duration":0,"startTime":1534512674835,"result":"SKIPPED","precondition":false},{"number":8,"description":"Then User verify Cloud Account must have only option:\n［|option |\n|Sign In|\n|Free Cloud Platform Trial|］","duration":0,"startTime":1534512674838,"result":"SKIPPED","precondition":false},{"number":9,"description":"Then User Click on Cloud Account each links:\n［|Option  |Link                     |appropriate page        |\n|Sign In |Sign In                  |Oracle Cloud            |\n|Sign In |Free Cloud Platform Trial|Oracle Cloud            |］","duration":2,"startTime":1534512674843,"result":"SKIPPED","precondition":false},{"number":10,"description":"Then User Click on Oracle Account each links:\n［|Option |Link             |appropriate page         |\n|Sign In|Help             |About Your Oracle Account|\n|Sign In|Create an account|Create Account           |\n|Sign In|Sign in          |Single Sign On - Login   |］","duration":0,"startTime":1534512674848,"result":"SKIPPED","precondition":false}]}],"userStory":{"id":"NotSignedIn","storyName":"Not signed in","path":"stories/Global_Nav/NotSignedIn.story","narrative":"In order to check Functionality\nAs a n Tester\nI want to verify Global Nav application\neta:@skip","type":"story"},"featureTag":{"name":"Global  nav/Not signed in","type":"story"},"title":"Test case -Not Signed-In","tags":[{"name":"Global nav/Not signed in","type":"story"},{"name":"firefox","type":"browser"},{"name":"firefox","type":"context"},{"name":"Global nav","type":"feature"}],"startTime":1534512627214,"duration":47639,"testFailureCause":{"errorType":"net.thucydides.core.webdriver.UnsupportedDriverException","message":"Could not instantiate new WebDriver instance of type class org.openqa.selenium.firefox.FirefoxDriver (Failed to connect to binary FirefoxBinary(C:\\Program Files\\Mozilla Firefox\\firefox.exe) on port 7055; process output follows: \nCalling bootstrap method shutdown on formautofill@mozilla.org version 1.0\r\n1534512638906\taddons.xpi\tDEBUG\tCalling bootstrap method shutdown on firefox@getpocket.com version 1.0.5\r\n1534512638906\taddons.xpi\tDEBUG\tCalling bootstrap method shutdown on aushelper@mozilla.org version 2.0\r\n1534512638907\taddons.xpi\tDEBUG\tCalling bootstrap method shutdown on activity-stream@mozilla.org version 2018.06.29.1026-fa231556\r\n1534512638908\taddons.xpi\tWARN\tException running bootstrap method shutdown on activity-stream@mozilla.org: [Exception... \"Component returned failure code: 0x80004005 (NS_ERROR_FAILURE) [nsIObserverService.removeObserver]\"  nsresult: \"0x80004005 (NS_ERROR_FAILURE)\"  location: \"JS frame :: resource://activity-stream/lib/TelemetryFeed.jsm :: uninit :: line 493\"  data: no] Stack trace: uninit()@resource://activity-stream/lib/TelemetryFeed.jsm:493\r\nonAction()@resource://activity-stream/lib/TelemetryFeed.jsm:451\r\n_middleware/\u003c/\u003c()@resource://activity-stream/lib/Store.jsm:51\r\nStore/this[method]()@resource://activity-stream/lib/Store.jsm:29\r\nuninit()@resource://activity-stream/lib/Store.jsm:170\r\nuninit()@resource://activity-stream/lib/ActivityStream.jsm:318\r\nuninit()@resource://gre/modules/addons/XPIProvider.jsm -\u003e jar:file:///C:/Program%20Files/Mozilla%20Firefox/browser/features/activity-stream@mozilla.org.xpi!/bootstrap.js:79\r\nshutdown()@resource://gre/modules/addons/XPIProvider.jsm -\u003e jar:file:///C:/Program%20Files/Mozilla%20Firefox/browser/features/activity-stream@mozilla.org.xpi!/bootstrap.js:187\r\ncallBootstrapMethod()@resource://gre/modules/addons/XPIProvider.jsm:2757\r\nobserve()@resource://gre/modules/addons/XPIProvider.jsm:1672\r\nUnable to read VR Path Registry from C:\\Users\\rabhinan\\AppData\\Local\\openvr\\openvrpaths.vrpath\r\n[Child 13332, Chrome_ChildThread] WARNING: pipe error: 109: file z:/build/build/src/ipc/chromium/src/chrome/common/ipc_channel_win.cc, line 346\r\n[Child 13332, Chrome_ChildThread] WARNING: pipe error: 109: file z:/build/build/src/ipc/chromium/src/chrome/common/ipc_channel_win.cc, line 346\r\nUnable to read VR Path Registry from C:\\Users\\rabhinan\\AppData\\Local\\openvr\\openvrpaths.vrpath\r\n[Child 12460, Chrome_ChildThread] WARNING: pipe error: 109: file z:/build/build/src/ipc/chromium/src/chrome/common/ipc_channel_win.cc, line 346\r\n[Child 12460, Chrome_ChildThread] WARNING: pipe error: 109: file z:/build/build/src/ipc/chromium/src/chrome/common/ipc_channel_win.cc, line 346\r\n1534512640564\taddons.manager\tDEBUG\tshutdown\r\n1534512640564\taddons.manager\tDEBUG\tCalling shutdown blocker for XPIProvider\r\n1534512640564\taddons.xpi\tDEBUG\tshutdown\r\n1534512640564\taddons.xpi-utils\tDEBUG\tshutdown\r\n1534512640564\taddons.manager\tDEBUG\tCalling shutdown blocker for LightweightThemeManager\r\n1534512640565\taddons.manager\tDEBUG\tCalling shutdown blocker for GMPProvider\r\n1534512640565\taddons.manager\tDEBUG\tCalling shutdown blocker for PluginProvider\r\n1534512640567\taddons.manager\tDEBUG\tAsync provider shutdown done\r\nJavaScript error: resource://gre/modules/JSONFile.jsm, line 159: Error: Data is not ready.\r\nconsole.error: PushService: \r\n  clearOriginData: Error clearing origin data:\r\n  UnknownError\r\nconsole.error: PushService: \r\n  clearOriginData: Error clearing origin data:\r\n  UnknownError\r\nconsole.error: PushService: \r\n  stateChangeProcessEnqueue: Error transitioning state\r\n  UnknownError\r\n\r\n###!!! [Parent][DispatchAsyncMessage] Error: PBackgroundIDBFactory::Msg_PBackgroundIDBFactoryRequestConstructor Value error: message was deserialized, but contained an illegal value\r\n\r\n\r\n###!!! [Parent][DispatchAsyncMessage] Error: PBackgroundIDBFactory::Msg_PBackgroundIDBFactoryRequestConstructor Value error: message was deserialized, but contained an illegal value\r\n\r\n*** UTM:SVC TimerManager:registerTimer called after profile-before-change notification. Ignoring timer registration for id: telemetry_modules_ping\r\nUnable to read VR Path Registry from C:\\Users\\rabhinan\\AppData\\Local\\openvr\\openvrpaths.vrpath\r\n[GPU 11384, Chrome_ChildThread] WARNING: pipe error: 109: file z:/build/build/src/ipc/chromium/src/chrome/common/ipc_channel_win.cc, line 346\r\n\nBuild info: version: \u00272.53.1\u0027, revision: \u0027a36b8b1cd5757287168e54b817830adce9b0158d\u0027, time: \u00272016-06-30 19:26:09\u0027\nSystem info: host: \u0027RABHINAN-LAP\u0027, ip: \u002710.178.30.255\u0027, os.name: \u0027Windows 7\u0027, os.arch: \u0027amd64\u0027, os.version: \u00276.1\u0027, java.version: \u00271.8.0_131\u0027\nDriver info: driver.version: FirefoxDriver","stackTrace":[{"declaringClass":"com.bdd.sample.pages.DictionaryPage","methodName":"home_page","fileName":"DictionaryPage.java","lineNumber":55},{"declaringClass":"com.bdd.sample.steps.serenity.EndUserSteps","methodName":"is_the_home_page","fileName":"EndUserSteps.java","lineNumber":20},{"declaringClass":"com.bdd.sample.steps2.DefinitionSteps","methodName":"Useronhomepage","fileName":"DefinitionSteps.java","lineNumber":26}]},"testFailureClassname":"net.thucydides.core.webdriver.UnsupportedDriverException","testFailureMessage":"Could not instantiate new WebDriver instance of type class org.openqa.selenium.firefox.FirefoxDriver (Failed to connect to binary FirefoxBinary(C:\\Program Files\\Mozilla Firefox\\firefox.exe) on port 7055; process output follows: \nCalling bootstrap method shutdown on formautofill@mozilla.org version 1.0\r\n1534512638906\taddons.xpi\tDEBUG\tCalling bootstrap method shutdown on firefox@getpocket.com version 1.0.5\r\n1534512638906\taddons.xpi\tDEBUG\tCalling bootstrap method shutdown on aushelper@mozilla.org version 2.0\r\n1534512638907\taddons.xpi\tDEBUG\tCalling bootstrap method shutdown on activity-stream@mozilla.org version 2018.06.29.1026-fa231556\r\n1534512638908\taddons.xpi\tWARN\tException running bootstrap method shutdown on activity-stream@mozilla.org: [Exception... \"Component returned failure code: 0x80004005 (NS_ERROR_FAILURE) [nsIObserverService.removeObserver]\"  nsresult: \"0x80004005 (NS_ERROR_FAILURE)\"  location: \"JS frame :: resource://activity-stream/lib/TelemetryFeed.jsm :: uninit :: line 493\"  data: no] Stack trace: uninit()@resource://activity-stream/lib/TelemetryFeed.jsm:493\r\nonAction()@resource://activity-stream/lib/TelemetryFeed.jsm:451\r\n_middleware/\u003c/\u003c()@resource://activity-stream/lib/Store.jsm:51\r\nStore/this[method]()@resource://activity-stream/lib/Store.jsm:29\r\nuninit()@resource://activity-stream/lib/Store.jsm:170\r\nuninit()@resource://activity-stream/lib/ActivityStream.jsm:318\r\nuninit()@resource://gre/modules/addons/XPIProvider.jsm -\u003e jar:file:///C:/Program%20Files/Mozilla%20Firefox/browser/features/activity-stream@mozilla.org.xpi!/bootstrap.js:79\r\nshutdown()@resource://gre/modules/addons/XPIProvider.jsm -\u003e jar:file:///C:/Program%20Files/Mozilla%20Firefox/browser/features/activity-stream@mozilla.org.xpi!/bootstrap.js:187\r\ncallBootstrapMethod()@resource://gre/modules/addons/XPIProvider.jsm:2757\r\nobserve()@resource://gre/modules/addons/XPIProvider.jsm:1672\r\nUnable to read VR Path Registry from C:\\Users\\rabhinan\\AppData\\Local\\openvr\\openvrpaths.vrpath\r\n[Child 13332, Chrome_ChildThread] WARNING: pipe error: 109: file z:/build/build/src/ipc/chromium/src/chrome/common/ipc_channel_win.cc, line 346\r\n[Child 13332, Chrome_ChildThread] WARNING: pipe error: 109: file z:/build/build/src/ipc/chromium/src/chrome/common/ipc_channel_win.cc, line 346\r\nUnable to read VR Path Registry from C:\\Users\\rabhinan\\AppData\\Local\\openvr\\openvrpaths.vrpath\r\n[Child 12460, Chrome_ChildThread] WARNING: pipe error: 109: file z:/build/build/src/ipc/chromium/src/chrome/common/ipc_channel_win.cc, line 346\r\n[Child 12460, Chrome_ChildThread] WARNING: pipe error: 109: file z:/build/build/src/ipc/chromium/src/chrome/common/ipc_channel_win.cc, line 346\r\n1534512640564\taddons.manager\tDEBUG\tshutdown\r\n1534512640564\taddons.manager\tDEBUG\tCalling shutdown blocker for XPIProvider\r\n1534512640564\taddons.xpi\tDEBUG\tshutdown\r\n1534512640564\taddons.xpi-utils\tDEBUG\tshutdown\r\n1534512640564\taddons.manager\tDEBUG\tCalling shutdown blocker for LightweightThemeManager\r\n1534512640565\taddons.manager\tDEBUG\tCalling shutdown blocker for GMPProvider\r\n1534512640565\taddons.manager\tDEBUG\tCalling shutdown blocker for PluginProvider\r\n1534512640567\taddons.manager\tDEBUG\tAsync provider shutdown done\r\nJavaScript error: resource://gre/modules/JSONFile.jsm, line 159: Error: Data is not ready.\r\nconsole.error: PushService: \r\n  clearOriginData: Error clearing origin data:\r\n  UnknownError\r\nconsole.error: PushService: \r\n  clearOriginData: Error clearing origin data:\r\n  UnknownError\r\nconsole.error: PushService: \r\n  stateChangeProcessEnqueue: Error transitioning state\r\n  UnknownError\r\n\r\n###!!! [Parent][DispatchAsyncMessage] Error: PBackgroundIDBFactory::Msg_PBackgroundIDBFactoryRequestConstructor Value error: message was deserialized, but contained an illegal value\r\n\r\n\r\n###!!! [Parent][DispatchAsyncMessage] Error: PBackgroundIDBFactory::Msg_PBackgroundIDBFactoryRequestConstructor Value error: message was deserialized, but contained an illegal value\r\n\r\n*** UTM:SVC TimerManager:registerTimer called after profile-before-change notification. Ignoring timer registration for id: telemetry_modules_ping\r\nUnable to read VR Path Registry from C:\\Users\\rabhinan\\AppData\\Local\\openvr\\openvrpaths.vrpath\r\n[GPU 11384, Chrome_ChildThread] WARNING: pipe error: 109: file z:/build/build/src/ipc/chromium/src/chrome/common/ipc_channel_win.cc, line 346\r\n\nBuild info: version: \u00272.53.1\u0027, revision: \u0027a36b8b1cd5757287168e54b817830adce9b0158d\u0027, time: \u00272016-06-30 19:26:09\u0027\nSystem info: host: \u0027RABHINAN-LAP\u0027, ip: \u002710.178.30.255\u0027, os.name: \u0027Windows 7\u0027, os.arch: \u0027amd64\u0027, os.version: \u00276.1\u0027, java.version: \u00271.8.0_131\u0027\nDriver info: driver.version: FirefoxDriver","testFailureSummary":"ERROR;net.thucydides.core.webdriver.UnsupportedDriverException;Could not instantiate new WebDriver instance of type class org.openqa.selenium.firefox.FirefoxDriver (Failed to connect to binary FirefoxBinary(C:\\Program Files\\Mozilla Firefox\\firefox.exe) on port 7055; process output follows: \nCalling bootstrap method shutdown on formautofill@mozilla.org version 1.0\r\n1534512638906\taddons.xpi\tDEBUG\tCalling bootstrap method shutdown on firefox@getpocket.com version 1.0.5\r\n1534512638906\taddons.xpi\tDEBUG\tCalling bootstrap method shutdown on aushelper@mozilla.org version 2.0\r\n1534512638907\taddons.xpi\tDEBUG\tCalling bootstrap method shutdown on activity-stream@mozilla.org version 2018.06.29.1026-fa231556\r\n1534512638908\taddons.xpi\tWARN\tException running bootstrap method shutdown on activity-stream@mozilla.org: [Exception... \"Component returned failure code: 0x80004005 (NS_ERROR_FAILURE) [nsIObserverService.removeObserver]\"  nsresult: \"0x80004005 (NS_ERROR_FAILURE)\"  location: \"JS frame :: resource://activity-stream/lib/TelemetryFeed.jsm :: uninit :: line 493\"  data: no] Stack trace: uninit()@resource://activity-stream/lib/TelemetryFeed.jsm:493\r\nonAction()@resource://activity-stream/lib/TelemetryFeed.jsm:451\r\n_middleware/\u003c/\u003c()@resource://activity-stream/lib/Store.jsm:51\r\nStore/this[method]()@resource://activity-stream/lib/Store.jsm:29\r\nuninit()@resource://activity-stream/lib/Store.jsm:170\r\nuninit()@resource://activity-stream/lib/ActivityStream.jsm:318\r\nuninit()@resource://gre/modules/addons/XPIProvider.jsm -\u003e jar:file:///C:/Program%20Files/Mozilla%20Firefox/browser/features/activity-stream@mozilla.org.xpi!/bootstrap.js:79\r\nshutdown()@resource://gre/modules/addons/XPIProvider.jsm -\u003e jar:file:///C:/Program%20Files/Mozilla%20Firefox/browser/features/activity-stream@mozilla.org.xpi!/bootstrap.js:187\r\ncallBootstrapMethod()@resource://gre/modules/addons/XPIProvider.jsm:2757\r\nobserve()@resource://gre/modules/addons/XPIProvider.jsm:1672\r\nUnable to read VR Path Registry from C:\\Users\\rabhinan\\AppData\\Local\\openvr\\openvrpaths.vrpath\r\n[Child 13332, Chrome_ChildThread] WARNING: pipe error: 109: file z:/build/build/src/ipc/chromium/src/chrome/common/ipc_channel_win.cc, line 346\r\n[Child 13332, Chrome_ChildThread] WARNING: pipe error: 109: file z:/build/build/src/ipc/chromium/src/chrome/common/ipc_channel_win.cc, line 346\r\nUnable to read VR Path Registry from C:\\Users\\rabhinan\\AppData\\Local\\openvr\\openvrpaths.vrpath\r\n[Child 12460, Chrome_ChildThread] WARNING: pipe error: 109: file z:/build/build/src/ipc/chromium/src/chrome/common/ipc_channel_win.cc, line 346\r\n[Child 12460, Chrome_ChildThread] WARNING: pipe error: 109: file z:/build/build/src/ipc/chromium/src/chrome/common/ipc_channel_win.cc, line 346\r\n1534512640564\taddons.manager\tDEBUG\tshutdown\r\n1534512640564\taddons.manager\tDEBUG\tCalling shutdown blocker for XPIProvider\r\n1534512640564\taddons.xpi\tDEBUG\tshutdown\r\n1534512640564\taddons.xpi-utils\tDEBUG\tshutdown\r\n1534512640564\taddons.manager\tDEBUG\tCalling shutdown blocker for LightweightThemeManager\r\n1534512640565\taddons.manager\tDEBUG\tCalling shutdown blocker for GMPProvider\r\n1534512640565\taddons.manager\tDEBUG\tCalling shutdown blocker for PluginProvider\r\n1534512640567\taddons.manager\tDEBUG\tAsync provider shutdown done\r\nJavaScript error: resource://gre/modules/JSONFile.jsm, line 159: Error: Data is not ready.\r\nconsole.error: PushService: \r\n  clearOriginData: Error clearing origin data:\r\n  UnknownError\r\nconsole.error: PushService: \r\n  clearOriginData: Error clearing origin data:\r\n  UnknownError\r\nconsole.error: PushService: \r\n  stateChangeProcessEnqueue: Error transitioning state\r\n  UnknownError\r\n\r\n###!!! [Parent][DispatchAsyncMessage] Error: PBackgroundIDBFactory::Msg_PBackgroundIDBFactoryRequestConstructor Value error: message was deserialized, but contained an illegal value\r\n\r\n\r\n###!!! [Parent][DispatchAsyncMessage] Error: PBackgroundIDBFactory::Msg_PBackgroundIDBFactoryRequestConstructor Value error: message was deserialized, but contained an illegal value\r\n\r\n*** UTM:SVC TimerManager:registerTimer called after profile-before-change notification. Ignoring timer registration for id: telemetry_modules_ping\r\nUnable to read VR Path Registry from C:\\Users\\rabhinan\\AppData\\Local\\openvr\\openvrpaths.vrpath\r\n[GPU 11384, Chrome_ChildThread] WARNING: pipe error: 109: file z:/build/build/src/ipc/chromium/src/chrome/common/ipc_channel_win.cc, line 346\r\n\nBuild info: version: \u00272.53.1\u0027, revision: \u0027a36b8b1cd5757287168e54b817830adce9b0158d\u0027, time: \u00272016-06-30 19:26:09\u0027\nSystem info: host: \u0027RABHINAN-LAP\u0027, ip: \u002710.178.30.255\u0027, os.name: \u0027Windows 7\u0027, os.arch: \u0027amd64\u0027, os.version: \u00276.1\u0027, java.version: \u00271.8.0_131\u0027\nDriver info: driver.version: FirefoxDriver;DictionaryPage.java","projectKey":"","annotatedResult":"ERROR","context":"firefox","manual":false,"testSource":"JBehave","result":"ERROR"}